<?xml version="1.0" encoding="utf-8" standalone="no"?>
<test-run id="2" testcasecount="0" result="Failed" label="Invalid" total="0" passed="0" failed="0" inconclusive="0" skipped="0" asserts="0" engine-version="3.6.0.0" clr-version="4.0.30319.34209" start-time="2017-07-03 22:48:55Z" end-time="2017-07-03 22:48:57Z" duration="1.751668">
  <command-line><![CDATA[nunit3-console  CreateOneShouldReturnBookNamePropertyComparer]]></command-line>
  <test-suite type="Unknown" id="0-1" name="CreateOneShouldReturnBookNamePropertyComparer" fullname="C:\Users\sebastian.gerard\Documents\Visual Studio 2013\Projects\OrderProductsOOP\OrderProducts.Test\BookContainer\PropertyComparerClasses\CreateOneShouldReturnBookNamePropertyComparer" testcasecount="0" runstate="NotRunnable" result="Failed" label="Invalid">
    <properties>
      <property name="_SKIPREASON" value="File not found: C:\Users\sebastian.gerard\Documents\Visual Studio 2013\Projects\OrderProductsOOP\OrderProducts.Test\BookContainer\PropertyComparerClasses\CreateOneShouldReturnBookNamePropertyComparer" />
    </properties>
    <reason>
      <message>File not found: C:\Users\sebastian.gerard\Documents\Visual Studio 2013\Projects\OrderProductsOOP\OrderProducts.Test\BookContainer\PropertyComparerClasses\CreateOneShouldReturnBookNamePropertyComparer</message>
    </reason>
  </test-suite>
</test-run>