<?xml version="1.0" encoding="utf-8" standalone="no"?>
<test-run id="2" testcasecount="52" result="Passed" total="52" passed="52" failed="0" inconclusive="0" skipped="0" asserts="74" engine-version="3.6.0.0" clr-version="4.0.30319.34209" start-time="2017-07-07 18:32:21Z" end-time="2017-07-07 18:32:32Z" duration="11.068156">
  <command-line><![CDATA["C:\Program Files (x86)\NUnit.org\nunit-console\nunit3-console.exe" OrderProducts.Test.dll]]></command-line>
  <test-suite type="Assembly" id="0-1066" name="OrderProducts.Test.dll" fullname="C:\Users\sebastian.gerard\Documents\Visual Studio 2013\Projects\OrderProductsOOP\OrderProducts.Test\bin\Debug\OrderProducts.Test.dll" runstate="Runnable" testcasecount="52" result="Passed" start-time="2017-07-07 18:32:28Z" end-time="2017-07-07 18:32:32Z" duration="4.238852" total="52" passed="52" failed="0" warnings="0" inconclusive="0" skipped="0" asserts="74">
    <environment framework-version="3.7.1.0" clr-version="4.0.30319.34209" os-version="Microsoft Windows NT 6.3.9600.0" platform="Win32NT" cwd="C:\Users\sebastian.gerard\Documents\Visual Studio 2013\Projects\OrderProductsOOP\OrderProducts.Test\bin\Debug" machine-name="ASCBOSGERARD" user="sebastian.gerard" user-domain="ASSURESOFT" culture="en-US" uiculture="en-US" os-architecture="x64" />
    <settings>
      <setting name="DisposeRunners" value="True" />
      <setting name="WorkDirectory" value="C:\Users\sebastian.gerard\Documents\Visual Studio 2013\Projects\OrderProductsOOP\OrderProducts.Test\bin\Debug" />
      <setting name="ImageRuntimeVersion" value="4.0.30319" />
      <setting name="ImageTargetFrameworkName" value=".NETFramework,Version=v4.5" />
      <setting name="ImageRequiresX86" value="False" />
      <setting name="ImageRequiresDefaultAppDomainAssemblyResolver" value="False" />
      <setting name="NumberOfTestWorkers" value="4" />
    </settings>
    <properties>
      <property name="_PID" value="9464" />
      <property name="_APPDOMAIN" value="domain-" />
    </properties>
    <test-suite type="TestSuite" id="0-1067" name="OrderProducts" fullname="OrderProducts" runstate="Runnable" testcasecount="52" result="Passed" start-time="2017-07-07 18:32:28Z" end-time="2017-07-07 18:32:32Z" duration="3.975892" total="52" passed="52" failed="0" warnings="0" inconclusive="0" skipped="0" asserts="74">
      <test-suite type="TestSuite" id="0-1068" name="Test" fullname="OrderProducts.Test" runstate="Runnable" testcasecount="52" result="Passed" start-time="2017-07-07 18:32:28Z" end-time="2017-07-07 18:32:32Z" duration="3.958731" total="52" passed="52" failed="0" warnings="0" inconclusive="0" skipped="0" asserts="74">
        <test-suite type="TestSuite" id="0-1069" name="BookContainer" fullname="OrderProducts.Test.BookContainer" runstate="Runnable" testcasecount="18" result="Passed" start-time="2017-07-07 18:32:28Z" end-time="2017-07-07 18:32:28Z" duration="0.440679" total="18" passed="18" failed="0" warnings="0" inconclusive="0" skipped="0" asserts="18">
          <test-suite type="TestSuite" id="0-1070" name="PropertyComparerClasses" fullname="OrderProducts.Test.BookContainer.PropertyComparerClasses" runstate="Runnable" testcasecount="18" result="Passed" start-time="2017-07-07 18:32:28Z" end-time="2017-07-07 18:32:28Z" duration="0.430268" total="18" passed="18" failed="0" warnings="0" inconclusive="0" skipped="0" asserts="18">
            <test-suite type="TestFixture" id="0-1000" name="BookAuthorPropertyComparerTest" fullname="OrderProducts.Test.BookContainer.PropertyComparerClasses.BookAuthorPropertyComparerTest" classname="OrderProducts.Test.BookContainer.PropertyComparerClasses.BookAuthorPropertyComparerTest" runstate="Runnable" testcasecount="5" result="Passed" start-time="2017-07-07 18:32:28Z" end-time="2017-07-07 18:32:28Z" duration="0.310016" total="5" passed="5" failed="0" warnings="0" inconclusive="0" skipped="0" asserts="5">
              <test-case id="0-1005" name="Compare_by_author_ascending_should_return_minus_one_if_the_the_second_author_precedes_the_first" fullname="OrderProducts.Test.BookContainer.PropertyComparerClasses.BookAuthorPropertyComparerTest.Compare_by_author_ascending_should_return_minus_one_if_the_the_second_author_precedes_the_first" methodname="Compare_by_author_ascending_should_return_minus_one_if_the_the_second_author_precedes_the_first" classname="OrderProducts.Test.BookContainer.PropertyComparerClasses.BookAuthorPropertyComparerTest" runstate="Runnable" seed="1265438869" result="Passed" start-time="2017-07-07 18:32:28Z" end-time="2017-07-07 18:32:28Z" duration="0.153573" asserts="1" />
              <test-case id="0-1004" name="Compare_by_author_ascending_should_return_one_if_the_the_second_author_follows_the_first" fullname="OrderProducts.Test.BookContainer.PropertyComparerClasses.BookAuthorPropertyComparerTest.Compare_by_author_ascending_should_return_one_if_the_the_second_author_follows_the_first" methodname="Compare_by_author_ascending_should_return_one_if_the_the_second_author_follows_the_first" classname="OrderProducts.Test.BookContainer.PropertyComparerClasses.BookAuthorPropertyComparerTest" runstate="Runnable" seed="552154814" result="Passed" start-time="2017-07-07 18:32:28Z" end-time="2017-07-07 18:32:28Z" duration="0.002994" asserts="1" />
              <test-case id="0-1003" name="Compare_by_author_descending_should_return_minus_one_if_the_the_first_author_precedes_the_second" fullname="OrderProducts.Test.BookContainer.PropertyComparerClasses.BookAuthorPropertyComparerTest.Compare_by_author_descending_should_return_minus_one_if_the_the_first_author_precedes_the_second" methodname="Compare_by_author_descending_should_return_minus_one_if_the_the_first_author_precedes_the_second" classname="OrderProducts.Test.BookContainer.PropertyComparerClasses.BookAuthorPropertyComparerTest" runstate="Runnable" seed="223550626" result="Passed" start-time="2017-07-07 18:32:28Z" end-time="2017-07-07 18:32:28Z" duration="0.002580" asserts="1" />
              <test-case id="0-1002" name="Compare_by_author_descending_should_return_one_if_the_the_first_author_follows_the_second" fullname="OrderProducts.Test.BookContainer.PropertyComparerClasses.BookAuthorPropertyComparerTest.Compare_by_author_descending_should_return_one_if_the_the_first_author_follows_the_second" methodname="Compare_by_author_descending_should_return_one_if_the_the_first_author_follows_the_second" classname="OrderProducts.Test.BookContainer.PropertyComparerClasses.BookAuthorPropertyComparerTest" runstate="Runnable" seed="1228813978" result="Passed" start-time="2017-07-07 18:32:28Z" end-time="2017-07-07 18:32:28Z" duration="0.003445" asserts="1" />
              <test-case id="0-1001" name="Compare_by_author_should_return_zero_if_they_have_same_author" fullname="OrderProducts.Test.BookContainer.PropertyComparerClasses.BookAuthorPropertyComparerTest.Compare_by_author_should_return_zero_if_they_have_same_author" methodname="Compare_by_author_should_return_zero_if_they_have_same_author" classname="OrderProducts.Test.BookContainer.PropertyComparerClasses.BookAuthorPropertyComparerTest" runstate="Runnable" seed="759124225" result="Passed" start-time="2017-07-07 18:32:28Z" end-time="2017-07-07 18:32:28Z" duration="0.001876" asserts="1" />
            </test-suite>
            <test-suite type="TestFixture" id="0-1006" name="BookIsbnPropertyComparerTest" fullname="OrderProducts.Test.BookContainer.PropertyComparerClasses.BookIsbnPropertyComparerTest" classname="OrderProducts.Test.BookContainer.PropertyComparerClasses.BookIsbnPropertyComparerTest" runstate="Runnable" testcasecount="5" result="Passed" start-time="2017-07-07 18:32:28Z" end-time="2017-07-07 18:32:28Z" duration="0.030704" total="5" passed="5" failed="0" warnings="0" inconclusive="0" skipped="0" asserts="5">
              <test-case id="0-1011" name="Compare_by_isbn_ascending_should_return_minus_one_if_the_the_second_isbn_precedes_the_first" fullname="OrderProducts.Test.BookContainer.PropertyComparerClasses.BookIsbnPropertyComparerTest.Compare_by_isbn_ascending_should_return_minus_one_if_the_the_second_isbn_precedes_the_first" methodname="Compare_by_isbn_ascending_should_return_minus_one_if_the_the_second_isbn_precedes_the_first" classname="OrderProducts.Test.BookContainer.PropertyComparerClasses.BookIsbnPropertyComparerTest" runstate="Runnable" seed="1928368455" result="Passed" start-time="2017-07-07 18:32:28Z" end-time="2017-07-07 18:32:28Z" duration="0.002388" asserts="1" />
              <test-case id="0-1010" name="Compare_by_isbn_ascending_should_return_one_if_the_the_second_isbn_follows_the_first" fullname="OrderProducts.Test.BookContainer.PropertyComparerClasses.BookIsbnPropertyComparerTest.Compare_by_isbn_ascending_should_return_one_if_the_the_second_isbn_follows_the_first" methodname="Compare_by_isbn_ascending_should_return_one_if_the_the_second_isbn_follows_the_first" classname="OrderProducts.Test.BookContainer.PropertyComparerClasses.BookIsbnPropertyComparerTest" runstate="Runnable" seed="1004861002" result="Passed" start-time="2017-07-07 18:32:28Z" end-time="2017-07-07 18:32:28Z" duration="0.004444" asserts="1" />
              <test-case id="0-1009" name="Compare_by_isbn_descending_should_return_minus_one_if_the_the_first_isbn_precedes_the_second" fullname="OrderProducts.Test.BookContainer.PropertyComparerClasses.BookIsbnPropertyComparerTest.Compare_by_isbn_descending_should_return_minus_one_if_the_the_first_isbn_precedes_the_second" methodname="Compare_by_isbn_descending_should_return_minus_one_if_the_the_first_isbn_precedes_the_second" classname="OrderProducts.Test.BookContainer.PropertyComparerClasses.BookIsbnPropertyComparerTest" runstate="Runnable" seed="294379209" result="Passed" start-time="2017-07-07 18:32:28Z" end-time="2017-07-07 18:32:28Z" duration="0.001593" asserts="1" />
              <test-case id="0-1008" name="Compare_by_isbn_descending_should_return_one_if_the_the_first_isbn_follows_the_second" fullname="OrderProducts.Test.BookContainer.PropertyComparerClasses.BookIsbnPropertyComparerTest.Compare_by_isbn_descending_should_return_one_if_the_the_first_isbn_follows_the_second" methodname="Compare_by_isbn_descending_should_return_one_if_the_the_first_isbn_follows_the_second" classname="OrderProducts.Test.BookContainer.PropertyComparerClasses.BookIsbnPropertyComparerTest" runstate="Runnable" seed="8157454" result="Passed" start-time="2017-07-07 18:32:28Z" end-time="2017-07-07 18:32:28Z" duration="0.001920" asserts="1" />
              <test-case id="0-1007" name="Compare_by_isbn_should_return_zero_if_they_have_same_isbn" fullname="OrderProducts.Test.BookContainer.PropertyComparerClasses.BookIsbnPropertyComparerTest.Compare_by_isbn_should_return_zero_if_they_have_same_isbn" methodname="Compare_by_isbn_should_return_zero_if_they_have_same_isbn" classname="OrderProducts.Test.BookContainer.PropertyComparerClasses.BookIsbnPropertyComparerTest" runstate="Runnable" seed="369887978" result="Passed" start-time="2017-07-07 18:32:28Z" end-time="2017-07-07 18:32:28Z" duration="0.002375" asserts="1" />
            </test-suite>
            <test-suite type="TestFixture" id="0-1012" name="BookNamePropertyComparerTest" fullname="OrderProducts.Test.BookContainer.PropertyComparerClasses.BookNamePropertyComparerTest" classname="OrderProducts.Test.BookContainer.PropertyComparerClasses.BookNamePropertyComparerTest" runstate="Runnable" testcasecount="5" result="Passed" start-time="2017-07-07 18:32:28Z" end-time="2017-07-07 18:32:28Z" duration="0.031126" total="5" passed="5" failed="0" warnings="0" inconclusive="0" skipped="0" asserts="5">
              <test-case id="0-1017" name="Compare_by_name_ascending_should_return_minus_one_if_the_the_second_name_precedes_the_first" fullname="OrderProducts.Test.BookContainer.PropertyComparerClasses.BookNamePropertyComparerTest.Compare_by_name_ascending_should_return_minus_one_if_the_the_second_name_precedes_the_first" methodname="Compare_by_name_ascending_should_return_minus_one_if_the_the_second_name_precedes_the_first" classname="OrderProducts.Test.BookContainer.PropertyComparerClasses.BookNamePropertyComparerTest" runstate="Runnable" seed="2095465273" result="Passed" start-time="2017-07-07 18:32:28Z" end-time="2017-07-07 18:32:28Z" duration="0.001854" asserts="1" />
              <test-case id="0-1016" name="Compare_by_name_ascending_should_return_one_if_the_the_second_name_follows_the_first" fullname="OrderProducts.Test.BookContainer.PropertyComparerClasses.BookNamePropertyComparerTest.Compare_by_name_ascending_should_return_one_if_the_the_second_name_follows_the_first" methodname="Compare_by_name_ascending_should_return_one_if_the_the_second_name_follows_the_first" classname="OrderProducts.Test.BookContainer.PropertyComparerClasses.BookNamePropertyComparerTest" runstate="Runnable" seed="1464049472" result="Passed" start-time="2017-07-07 18:32:28Z" end-time="2017-07-07 18:32:28Z" duration="0.004506" asserts="1" />
              <test-case id="0-1015" name="Compare_by_name_descending_should_return_minus_one_if_the_the_first_name_precedes_the_second" fullname="OrderProducts.Test.BookContainer.PropertyComparerClasses.BookNamePropertyComparerTest.Compare_by_name_descending_should_return_minus_one_if_the_the_first_name_precedes_the_second" methodname="Compare_by_name_descending_should_return_minus_one_if_the_the_first_name_precedes_the_second" classname="OrderProducts.Test.BookContainer.PropertyComparerClasses.BookNamePropertyComparerTest" runstate="Runnable" seed="1612044277" result="Passed" start-time="2017-07-07 18:32:28Z" end-time="2017-07-07 18:32:28Z" duration="0.001712" asserts="1" />
              <test-case id="0-1014" name="Compare_by_name_descending_should_return_one_if_the_the_first_name_follows_the_second" fullname="OrderProducts.Test.BookContainer.PropertyComparerClasses.BookNamePropertyComparerTest.Compare_by_name_descending_should_return_one_if_the_the_first_name_follows_the_second" methodname="Compare_by_name_descending_should_return_one_if_the_the_first_name_follows_the_second" classname="OrderProducts.Test.BookContainer.PropertyComparerClasses.BookNamePropertyComparerTest" runstate="Runnable" seed="2102860977" result="Passed" start-time="2017-07-07 18:32:28Z" end-time="2017-07-07 18:32:28Z" duration="0.003258" asserts="1" />
              <test-case id="0-1013" name="Compare_by_name_should_return_zero_if_they_have_same_name" fullname="OrderProducts.Test.BookContainer.PropertyComparerClasses.BookNamePropertyComparerTest.Compare_by_name_should_return_zero_if_they_have_same_name" methodname="Compare_by_name_should_return_zero_if_they_have_same_name" classname="OrderProducts.Test.BookContainer.PropertyComparerClasses.BookNamePropertyComparerTest" runstate="Runnable" seed="1088854857" result="Passed" start-time="2017-07-07 18:32:28Z" end-time="2017-07-07 18:32:28Z" duration="0.002551" asserts="1" />
            </test-suite>
            <test-suite type="TestFixture" id="0-1018" name="FactoryBooksPropertyComparerTest" fullname="OrderProducts.Test.BookContainer.PropertyComparerClasses.FactoryBooksPropertyComparerTest" classname="OrderProducts.Test.BookContainer.PropertyComparerClasses.FactoryBooksPropertyComparerTest" runstate="Runnable" testcasecount="3" result="Passed" start-time="2017-07-07 18:32:28Z" end-time="2017-07-07 18:32:28Z" duration="0.030194" total="3" passed="3" failed="0" warnings="0" inconclusive="0" skipped="0" asserts="3">
              <test-suite type="ParameterizedMethod" id="0-1022" name="Create_should_return_instance_of_the_correct_class" fullname="OrderProducts.Test.BookContainer.PropertyComparerClasses.FactoryBooksPropertyComparerTest.Create_should_return_instance_of_the_correct_class" classname="OrderProducts.Test.BookContainer.PropertyComparerClasses.FactoryBooksPropertyComparerTest" runstate="Runnable" testcasecount="3" result="Passed" start-time="2017-07-07 18:32:28Z" end-time="2017-07-07 18:32:28Z" duration="0.024296" total="3" passed="3" failed="0" warnings="0" inconclusive="0" skipped="0" asserts="3">
                <test-case id="0-1019" name="Create_should_return_instance_of_the_correct_class(&quot;A&quot;,&quot;1&quot;,Container.BookNamePropertyComparer)" fullname="OrderProducts.Test.BookContainer.PropertyComparerClasses.FactoryBooksPropertyComparerTest.Create_should_return_instance_of_the_correct_class(&quot;A&quot;,&quot;1&quot;,Container.BookNamePropertyComparer)" methodname="Create_should_return_instance_of_the_correct_class" classname="OrderProducts.Test.BookContainer.PropertyComparerClasses.FactoryBooksPropertyComparerTest" runstate="Runnable" seed="1488766963" result="Passed" start-time="2017-07-07 18:32:28Z" end-time="2017-07-07 18:32:28Z" duration="0.006302" asserts="1" />
                <test-case id="0-1020" name="Create_should_return_instance_of_the_correct_class(&quot;A&quot;,&quot;2&quot;,Container.BookAuthorPropertyComparer)" fullname="OrderProducts.Test.BookContainer.PropertyComparerClasses.FactoryBooksPropertyComparerTest.Create_should_return_instance_of_the_correct_class(&quot;A&quot;,&quot;2&quot;,Container.BookAuthorPropertyComparer)" methodname="Create_should_return_instance_of_the_correct_class" classname="OrderProducts.Test.BookContainer.PropertyComparerClasses.FactoryBooksPropertyComparerTest" runstate="Runnable" seed="414177329" result="Passed" start-time="2017-07-07 18:32:28Z" end-time="2017-07-07 18:32:28Z" duration="0.003390" asserts="1" />
                <test-case id="0-1021" name="Create_should_return_instance_of_the_correct_class(&quot;A&quot;,&quot;3&quot;,Container.BookIsbnPropertyComparer)" fullname="OrderProducts.Test.BookContainer.PropertyComparerClasses.FactoryBooksPropertyComparerTest.Create_should_return_instance_of_the_correct_class(&quot;A&quot;,&quot;3&quot;,Container.BookIsbnPropertyComparer)" methodname="Create_should_return_instance_of_the_correct_class" classname="OrderProducts.Test.BookContainer.PropertyComparerClasses.FactoryBooksPropertyComparerTest" runstate="Runnable" seed="1106889358" result="Passed" start-time="2017-07-07 18:32:28Z" end-time="2017-07-07 18:32:28Z" duration="0.000482" asserts="1" />
              </test-suite>
            </test-suite>
          </test-suite>
        </test-suite>
        <test-suite type="TestSuite" id="0-1071" name="MenuComponents" fullname="OrderProducts.Test.MenuComponents" runstate="Runnable" testcasecount="1" result="Passed" start-time="2017-07-07 18:32:28Z" end-time="2017-07-07 18:32:32Z" duration="3.155172" total="1" passed="1" failed="0" warnings="0" inconclusive="0" skipped="0" asserts="4">
          <test-suite type="TestFixture" id="0-1023" name="MenuComponentTest" fullname="OrderProducts.Test.MenuComponents.MenuComponentTest" classname="OrderProducts.Test.MenuComponents.MenuComponentTest" runstate="Runnable" testcasecount="1" result="Passed" start-time="2017-07-07 18:32:28Z" end-time="2017-07-07 18:32:32Z" duration="3.151136" total="1" passed="1" failed="0" warnings="0" inconclusive="0" skipped="0" asserts="4">
            <test-case id="0-1024" name="Add_should_add_a_menu_item_or_a_menu_component" fullname="OrderProducts.Test.MenuComponents.MenuComponentTest.Add_should_add_a_menu_item_or_a_menu_component" methodname="Add_should_add_a_menu_item_or_a_menu_component" classname="OrderProducts.Test.MenuComponents.MenuComponentTest" runstate="Runnable" seed="1162403073" result="Passed" start-time="2017-07-07 18:32:28Z" end-time="2017-07-07 18:32:32Z" duration="3.146279" asserts="4" />
          </test-suite>
        </test-suite>
        <test-suite type="TestSuite" id="0-1072" name="ProductContainer" fullname="OrderProducts.Test.ProductContainer" runstate="Runnable" testcasecount="24" result="Passed" start-time="2017-07-07 18:32:32Z" end-time="2017-07-07 18:32:32Z" duration="0.206565" total="24" passed="24" failed="0" warnings="0" inconclusive="0" skipped="0" asserts="24">
          <test-suite type="TestSuite" id="0-1073" name="PropertyComparerClasses" fullname="OrderProducts.Test.ProductContainer.PropertyComparerClasses" runstate="Runnable" testcasecount="24" result="Passed" start-time="2017-07-07 18:32:32Z" end-time="2017-07-07 18:32:32Z" duration="0.203203" total="24" passed="24" failed="0" warnings="0" inconclusive="0" skipped="0" asserts="24">
            <test-suite type="TestFixture" id="0-1025" name="FactoryProductPropertyComparerTest" fullname="OrderProducts.Test.ProductContainer.PropertyComparerClasses.FactoryProductPropertyComparerTest" classname="OrderProducts.Test.ProductContainer.PropertyComparerClasses.FactoryProductPropertyComparerTest" runstate="Runnable" testcasecount="4" result="Passed" start-time="2017-07-07 18:32:32Z" end-time="2017-07-07 18:32:32Z" duration="0.030071" total="4" passed="4" failed="0" warnings="0" inconclusive="0" skipped="0" asserts="4">
              <test-suite type="ParameterizedMethod" id="0-1030" name="Create_should_return_instance_of_the_correct_class" fullname="OrderProducts.Test.ProductContainer.PropertyComparerClasses.FactoryProductPropertyComparerTest.Create_should_return_instance_of_the_correct_class" classname="OrderProducts.Test.ProductContainer.PropertyComparerClasses.FactoryProductPropertyComparerTest" runstate="Runnable" testcasecount="4" result="Passed" start-time="2017-07-07 18:32:32Z" end-time="2017-07-07 18:32:32Z" duration="0.026105" total="4" passed="4" failed="0" warnings="0" inconclusive="0" skipped="0" asserts="4">
                <test-case id="0-1026" name="Create_should_return_instance_of_the_correct_class(&quot;A&quot;,&quot;2&quot;,Container.ProductNameComparer)" fullname="OrderProducts.Test.ProductContainer.PropertyComparerClasses.FactoryProductPropertyComparerTest.Create_should_return_instance_of_the_correct_class(&quot;A&quot;,&quot;2&quot;,Container.ProductNameComparer)" methodname="Create_should_return_instance_of_the_correct_class" classname="OrderProducts.Test.ProductContainer.PropertyComparerClasses.FactoryProductPropertyComparerTest" runstate="Runnable" seed="1970798599" result="Passed" start-time="2017-07-07 18:32:32Z" end-time="2017-07-07 18:32:32Z" duration="0.006685" asserts="1" />
                <test-case id="0-1027" name="Create_should_return_instance_of_the_correct_class(&quot;A&quot;,&quot;4&quot;,Container.ProductExpirationDateComparer)" fullname="OrderProducts.Test.ProductContainer.PropertyComparerClasses.FactoryProductPropertyComparerTest.Create_should_return_instance_of_the_correct_class(&quot;A&quot;,&quot;4&quot;,Container.ProductExpirationDateComparer)" methodname="Create_should_return_instance_of_the_correct_class" classname="OrderProducts.Test.ProductContainer.PropertyComparerClasses.FactoryProductPropertyComparerTest" runstate="Runnable" seed="1796581390" result="Passed" start-time="2017-07-07 18:32:32Z" end-time="2017-07-07 18:32:32Z" duration="0.002003" asserts="1" />
                <test-case id="0-1028" name="Create_should_return_instance_of_the_correct_class(&quot;A&quot;,&quot;1&quot;,Container.ProductCodeComparer)" fullname="OrderProducts.Test.ProductContainer.PropertyComparerClasses.FactoryProductPropertyComparerTest.Create_should_return_instance_of_the_correct_class(&quot;A&quot;,&quot;1&quot;,Container.ProductCodeComparer)" methodname="Create_should_return_instance_of_the_correct_class" classname="OrderProducts.Test.ProductContainer.PropertyComparerClasses.FactoryProductPropertyComparerTest" runstate="Runnable" seed="213472444" result="Passed" start-time="2017-07-07 18:32:32Z" end-time="2017-07-07 18:32:32Z" duration="0.001350" asserts="1" />
                <test-case id="0-1029" name="Create_should_return_instance_of_the_correct_class(&quot;A&quot;,&quot;3&quot;,Container.ProductStockComparer)" fullname="OrderProducts.Test.ProductContainer.PropertyComparerClasses.FactoryProductPropertyComparerTest.Create_should_return_instance_of_the_correct_class(&quot;A&quot;,&quot;3&quot;,Container.ProductStockComparer)" methodname="Create_should_return_instance_of_the_correct_class" classname="OrderProducts.Test.ProductContainer.PropertyComparerClasses.FactoryProductPropertyComparerTest" runstate="Runnable" seed="1367867086" result="Passed" start-time="2017-07-07 18:32:32Z" end-time="2017-07-07 18:32:32Z" duration="0.001483" asserts="1" />
              </test-suite>
            </test-suite>
            <test-suite type="TestFixture" id="0-1031" name="ProductCodeComparerTest" fullname="OrderProducts.Test.ProductContainer.PropertyComparerClasses.ProductCodeComparerTest" classname="OrderProducts.Test.ProductContainer.PropertyComparerClasses.ProductCodeComparerTest" runstate="Runnable" testcasecount="5" result="Passed" start-time="2017-07-07 18:32:32Z" end-time="2017-07-07 18:32:32Z" duration="0.037070" total="5" passed="5" failed="0" warnings="0" inconclusive="0" skipped="0" asserts="5">
              <test-case id="0-1036" name="Compare_by_code_ascending_should_return_minus_one_if_the_the_second_code_precedes_the_first" fullname="OrderProducts.Test.ProductContainer.PropertyComparerClasses.ProductCodeComparerTest.Compare_by_code_ascending_should_return_minus_one_if_the_the_second_code_precedes_the_first" methodname="Compare_by_code_ascending_should_return_minus_one_if_the_the_second_code_precedes_the_first" classname="OrderProducts.Test.ProductContainer.PropertyComparerClasses.ProductCodeComparerTest" runstate="Runnable" seed="182029380" result="Passed" start-time="2017-07-07 18:32:32Z" end-time="2017-07-07 18:32:32Z" duration="0.008901" asserts="1" />
              <test-case id="0-1035" name="Compare_by_code_ascending_should_return_one_if_the_the_second_code_follows_the_first" fullname="OrderProducts.Test.ProductContainer.PropertyComparerClasses.ProductCodeComparerTest.Compare_by_code_ascending_should_return_one_if_the_the_second_code_follows_the_first" methodname="Compare_by_code_ascending_should_return_one_if_the_the_second_code_follows_the_first" classname="OrderProducts.Test.ProductContainer.PropertyComparerClasses.ProductCodeComparerTest" runstate="Runnable" seed="445717418" result="Passed" start-time="2017-07-07 18:32:32Z" end-time="2017-07-07 18:32:32Z" duration="0.003142" asserts="1" />
              <test-case id="0-1034" name="Compare_by_code_descending_should_return_minus_one_if_the_the_first_code_precedes_the_second" fullname="OrderProducts.Test.ProductContainer.PropertyComparerClasses.ProductCodeComparerTest.Compare_by_code_descending_should_return_minus_one_if_the_the_first_code_precedes_the_second" methodname="Compare_by_code_descending_should_return_minus_one_if_the_the_first_code_precedes_the_second" classname="OrderProducts.Test.ProductContainer.PropertyComparerClasses.ProductCodeComparerTest" runstate="Runnable" seed="1174155419" result="Passed" start-time="2017-07-07 18:32:32Z" end-time="2017-07-07 18:32:32Z" duration="0.002547" asserts="1" />
              <test-case id="0-1033" name="Compare_by_code_descending_should_return_one_if_the_the_first_code_follows_the_second" fullname="OrderProducts.Test.ProductContainer.PropertyComparerClasses.ProductCodeComparerTest.Compare_by_code_descending_should_return_one_if_the_the_first_code_follows_the_second" methodname="Compare_by_code_descending_should_return_one_if_the_the_first_code_follows_the_second" classname="OrderProducts.Test.ProductContainer.PropertyComparerClasses.ProductCodeComparerTest" runstate="Runnable" seed="1392498728" result="Passed" start-time="2017-07-07 18:32:32Z" end-time="2017-07-07 18:32:32Z" duration="0.002464" asserts="1" />
              <test-case id="0-1032" name="Compare_by_code_should_return_zero_if_they_have_same_code" fullname="OrderProducts.Test.ProductContainer.PropertyComparerClasses.ProductCodeComparerTest.Compare_by_code_should_return_zero_if_they_have_same_code" methodname="Compare_by_code_should_return_zero_if_they_have_same_code" classname="OrderProducts.Test.ProductContainer.PropertyComparerClasses.ProductCodeComparerTest" runstate="Runnable" seed="1100407076" result="Passed" start-time="2017-07-07 18:32:32Z" end-time="2017-07-07 18:32:32Z" duration="0.002157" asserts="1" />
            </test-suite>
            <test-suite type="TestFixture" id="0-1037" name="ProductExpirationDateComparerTest" fullname="OrderProducts.Test.ProductContainer.PropertyComparerClasses.ProductExpirationDateComparerTest" classname="OrderProducts.Test.ProductContainer.PropertyComparerClasses.ProductExpirationDateComparerTest" runstate="Runnable" testcasecount="5" result="Passed" start-time="2017-07-07 18:32:32Z" end-time="2017-07-07 18:32:32Z" duration="0.037104" total="5" passed="5" failed="0" warnings="0" inconclusive="0" skipped="0" asserts="5">
              <test-case id="0-1042" name="Compare_by_expirationDate_ascending_should_return_minus_one_if_the_the_second_expirationDate_precedes_the_first" fullname="OrderProducts.Test.ProductContainer.PropertyComparerClasses.ProductExpirationDateComparerTest.Compare_by_expirationDate_ascending_should_return_minus_one_if_the_the_second_expirationDate_precedes_the_first" methodname="Compare_by_expirationDate_ascending_should_return_minus_one_if_the_the_second_expirationDate_precedes_the_first" classname="OrderProducts.Test.ProductContainer.PropertyComparerClasses.ProductExpirationDateComparerTest" runstate="Runnable" seed="1887828625" result="Passed" start-time="2017-07-07 18:32:32Z" end-time="2017-07-07 18:32:32Z" duration="0.007728" asserts="1" />
              <test-case id="0-1041" name="Compare_by_expirationDate_ascending_should_return_one_if_the_the_second_expirationDate_follows_the_first" fullname="OrderProducts.Test.ProductContainer.PropertyComparerClasses.ProductExpirationDateComparerTest.Compare_by_expirationDate_ascending_should_return_one_if_the_the_second_expirationDate_follows_the_first" methodname="Compare_by_expirationDate_ascending_should_return_one_if_the_the_second_expirationDate_follows_the_first" classname="OrderProducts.Test.ProductContainer.PropertyComparerClasses.ProductExpirationDateComparerTest" runstate="Runnable" seed="105576878" result="Passed" start-time="2017-07-07 18:32:32Z" end-time="2017-07-07 18:32:32Z" duration="0.002599" asserts="1" />
              <test-case id="0-1040" name="Compare_by_expirationDate_descending_should_return_minus_one_if_the_the_first_expirationDate_precedes_the_second" fullname="OrderProducts.Test.ProductContainer.PropertyComparerClasses.ProductExpirationDateComparerTest.Compare_by_expirationDate_descending_should_return_minus_one_if_the_the_first_expirationDate_precedes_the_second" methodname="Compare_by_expirationDate_descending_should_return_minus_one_if_the_the_first_expirationDate_precedes_the_second" classname="OrderProducts.Test.ProductContainer.PropertyComparerClasses.ProductExpirationDateComparerTest" runstate="Runnable" seed="342962358" result="Passed" start-time="2017-07-07 18:32:32Z" end-time="2017-07-07 18:32:32Z" duration="0.002605" asserts="1" />
              <test-case id="0-1039" name="Compare_by_expirationDate_descending_should_return_one_if_the_the_first_expirationDate_follows_the_second" fullname="OrderProducts.Test.ProductContainer.PropertyComparerClasses.ProductExpirationDateComparerTest.Compare_by_expirationDate_descending_should_return_one_if_the_the_first_expirationDate_follows_the_second" methodname="Compare_by_expirationDate_descending_should_return_one_if_the_the_first_expirationDate_follows_the_second" classname="OrderProducts.Test.ProductContainer.PropertyComparerClasses.ProductExpirationDateComparerTest" runstate="Runnable" seed="1858479429" result="Passed" start-time="2017-07-07 18:32:32Z" end-time="2017-07-07 18:32:32Z" duration="0.002720" asserts="1" />
              <test-case id="0-1038" name="Compare_by_expirationDate_should_return_zero_if_they_have_same_expirationDate" fullname="OrderProducts.Test.ProductContainer.PropertyComparerClasses.ProductExpirationDateComparerTest.Compare_by_expirationDate_should_return_zero_if_they_have_same_expirationDate" methodname="Compare_by_expirationDate_should_return_zero_if_they_have_same_expirationDate" classname="OrderProducts.Test.ProductContainer.PropertyComparerClasses.ProductExpirationDateComparerTest" runstate="Runnable" seed="1965054167" result="Passed" start-time="2017-07-07 18:32:32Z" end-time="2017-07-07 18:32:32Z" duration="0.002576" asserts="1" />
            </test-suite>
            <test-suite type="TestFixture" id="0-1043" name="ProductNameComparerTest" fullname="OrderProducts.Test.ProductContainer.PropertyComparerClasses.ProductNameComparerTest" classname="OrderProducts.Test.ProductContainer.PropertyComparerClasses.ProductNameComparerTest" runstate="Runnable" testcasecount="5" result="Passed" start-time="2017-07-07 18:32:32Z" end-time="2017-07-07 18:32:32Z" duration="0.044104" total="5" passed="5" failed="0" warnings="0" inconclusive="0" skipped="0" asserts="5">
              <test-case id="0-1048" name="Compare_by_name_ascending_should_return_minus_one_if_the_the_second_name_precedes_the_first" fullname="OrderProducts.Test.ProductContainer.PropertyComparerClasses.ProductNameComparerTest.Compare_by_name_ascending_should_return_minus_one_if_the_the_second_name_precedes_the_first" methodname="Compare_by_name_ascending_should_return_minus_one_if_the_the_second_name_precedes_the_first" classname="OrderProducts.Test.ProductContainer.PropertyComparerClasses.ProductNameComparerTest" runstate="Runnable" seed="291504832" result="Passed" start-time="2017-07-07 18:32:32Z" end-time="2017-07-07 18:32:32Z" duration="0.004604" asserts="1" />
              <test-case id="0-1047" name="Compare_by_name_ascending_should_return_one_if_the_the_second_name_follows_the_first" fullname="OrderProducts.Test.ProductContainer.PropertyComparerClasses.ProductNameComparerTest.Compare_by_name_ascending_should_return_one_if_the_the_second_name_follows_the_first" methodname="Compare_by_name_ascending_should_return_one_if_the_the_second_name_follows_the_first" classname="OrderProducts.Test.ProductContainer.PropertyComparerClasses.ProductNameComparerTest" runstate="Runnable" seed="843716390" result="Passed" start-time="2017-07-07 18:32:32Z" end-time="2017-07-07 18:32:32Z" duration="0.002373" asserts="1" />
              <test-case id="0-1046" name="Compare_by_name_descending_should_return_minus_one_if_the_the_first_name_precedes_the_second" fullname="OrderProducts.Test.ProductContainer.PropertyComparerClasses.ProductNameComparerTest.Compare_by_name_descending_should_return_minus_one_if_the_the_first_name_precedes_the_second" methodname="Compare_by_name_descending_should_return_minus_one_if_the_the_first_name_precedes_the_second" classname="OrderProducts.Test.ProductContainer.PropertyComparerClasses.ProductNameComparerTest" runstate="Runnable" seed="597949605" result="Passed" start-time="2017-07-07 18:32:32Z" end-time="2017-07-07 18:32:32Z" duration="0.013625" asserts="1" />
              <test-case id="0-1045" name="Compare_by_name_descending_should_return_one_if_the_the_first_name_follows_the_second" fullname="OrderProducts.Test.ProductContainer.PropertyComparerClasses.ProductNameComparerTest.Compare_by_name_descending_should_return_one_if_the_the_first_name_follows_the_second" methodname="Compare_by_name_descending_should_return_one_if_the_the_first_name_follows_the_second" classname="OrderProducts.Test.ProductContainer.PropertyComparerClasses.ProductNameComparerTest" runstate="Runnable" seed="762975871" result="Passed" start-time="2017-07-07 18:32:32Z" end-time="2017-07-07 18:32:32Z" duration="0.002934" asserts="1" />
              <test-case id="0-1044" name="Compare_by_name_should_return_zero_if_they_have_same_name" fullname="OrderProducts.Test.ProductContainer.PropertyComparerClasses.ProductNameComparerTest.Compare_by_name_should_return_zero_if_they_have_same_name" methodname="Compare_by_name_should_return_zero_if_they_have_same_name" classname="OrderProducts.Test.ProductContainer.PropertyComparerClasses.ProductNameComparerTest" runstate="Runnable" seed="1444030978" result="Passed" start-time="2017-07-07 18:32:32Z" end-time="2017-07-07 18:32:32Z" duration="0.002420" asserts="1" />
            </test-suite>
            <test-suite type="TestFixture" id="0-1049" name="ProductStockComparerTest" fullname="OrderProducts.Test.ProductContainer.PropertyComparerClasses.ProductStockComparerTest" classname="OrderProducts.Test.ProductContainer.PropertyComparerClasses.ProductStockComparerTest" runstate="Runnable" testcasecount="5" result="Passed" start-time="2017-07-07 18:32:32Z" end-time="2017-07-07 18:32:32Z" duration="0.035159" total="5" passed="5" failed="0" warnings="0" inconclusive="0" skipped="0" asserts="5">
              <test-case id="0-1054" name="Compare_by_stock_ascending_should_return_minus_one_if_the_the_second_stock_precedes_the_first" fullname="OrderProducts.Test.ProductContainer.PropertyComparerClasses.ProductStockComparerTest.Compare_by_stock_ascending_should_return_minus_one_if_the_the_second_stock_precedes_the_first" methodname="Compare_by_stock_ascending_should_return_minus_one_if_the_the_second_stock_precedes_the_first" classname="OrderProducts.Test.ProductContainer.PropertyComparerClasses.ProductStockComparerTest" runstate="Runnable" seed="789438574" result="Passed" start-time="2017-07-07 18:32:32Z" end-time="2017-07-07 18:32:32Z" duration="0.004680" asserts="1" />
              <test-case id="0-1053" name="Compare_by_stock_ascending_should_return_one_if_the_the_second_stock_follows_the_first" fullname="OrderProducts.Test.ProductContainer.PropertyComparerClasses.ProductStockComparerTest.Compare_by_stock_ascending_should_return_one_if_the_the_second_stock_follows_the_first" methodname="Compare_by_stock_ascending_should_return_one_if_the_the_second_stock_follows_the_first" classname="OrderProducts.Test.ProductContainer.PropertyComparerClasses.ProductStockComparerTest" runstate="Runnable" seed="85516373" result="Passed" start-time="2017-07-07 18:32:32Z" end-time="2017-07-07 18:32:32Z" duration="0.001868" asserts="1" />
              <test-case id="0-1052" name="Compare_by_stock_descending_should_return_minus_one_if_the_the_first_stock_precedes_the_second" fullname="OrderProducts.Test.ProductContainer.PropertyComparerClasses.ProductStockComparerTest.Compare_by_stock_descending_should_return_minus_one_if_the_the_first_stock_precedes_the_second" methodname="Compare_by_stock_descending_should_return_minus_one_if_the_the_first_stock_precedes_the_second" classname="OrderProducts.Test.ProductContainer.PropertyComparerClasses.ProductStockComparerTest" runstate="Runnable" seed="2001279948" result="Passed" start-time="2017-07-07 18:32:32Z" end-time="2017-07-07 18:32:32Z" duration="0.003841" asserts="1" />
              <test-case id="0-1051" name="Compare_by_stock_descending_should_return_one_if_the_the_first_stock_follows_the_second" fullname="OrderProducts.Test.ProductContainer.PropertyComparerClasses.ProductStockComparerTest.Compare_by_stock_descending_should_return_one_if_the_the_first_stock_follows_the_second" methodname="Compare_by_stock_descending_should_return_one_if_the_the_first_stock_follows_the_second" classname="OrderProducts.Test.ProductContainer.PropertyComparerClasses.ProductStockComparerTest" runstate="Runnable" seed="1899736086" result="Passed" start-time="2017-07-07 18:32:32Z" end-time="2017-07-07 18:32:32Z" duration="0.004366" asserts="1" />
              <test-case id="0-1050" name="Compare_by_stock_should_return_zero_if_they_have_same_stock" fullname="OrderProducts.Test.ProductContainer.PropertyComparerClasses.ProductStockComparerTest.Compare_by_stock_should_return_zero_if_they_have_same_stock" methodname="Compare_by_stock_should_return_zero_if_they_have_same_stock" classname="OrderProducts.Test.ProductContainer.PropertyComparerClasses.ProductStockComparerTest" runstate="Runnable" seed="243304960" result="Passed" start-time="2017-07-07 18:32:32Z" end-time="2017-07-07 18:32:32Z" duration="0.002579" asserts="1" />
            </test-suite>
          </test-suite>
        </test-suite>
        <test-suite type="TestSuite" id="0-1074" name="Shared" fullname="OrderProducts.Test.Shared" runstate="Runnable" testcasecount="9" result="Passed" start-time="2017-07-07 18:32:32Z" end-time="2017-07-07 18:32:32Z" duration="0.128218" total="9" passed="9" failed="0" warnings="0" inconclusive="0" skipped="0" asserts="28">
          <test-suite type="TestFixture" id="0-1055" name="InterpreterTest" fullname="OrderProducts.Test.Shared.InterpreterTest" classname="OrderProducts.Test.Shared.InterpreterTest" runstate="Runnable" testcasecount="5" result="Passed" start-time="2017-07-07 18:32:32Z" end-time="2017-07-07 18:32:32Z" duration="0.057094" total="5" passed="5" failed="0" warnings="0" inconclusive="0" skipped="0" asserts="22">
            <test-case id="0-1059" name="Translate_should_return_four_comparers" fullname="OrderProducts.Test.Shared.InterpreterTest.Translate_should_return_four_comparers" methodname="Translate_should_return_four_comparers" classname="OrderProducts.Test.Shared.InterpreterTest" runstate="Runnable" seed="1909361124" result="Passed" start-time="2017-07-07 18:32:32Z" end-time="2017-07-07 18:32:32Z" duration="0.024413" asserts="5" />
            <test-case id="0-1056" name="Translate_should_return_one_comparer" fullname="OrderProducts.Test.Shared.InterpreterTest.Translate_should_return_one_comparer" methodname="Translate_should_return_one_comparer" classname="OrderProducts.Test.Shared.InterpreterTest" runstate="Runnable" seed="1304608299" result="Passed" start-time="2017-07-07 18:32:32Z" end-time="2017-07-07 18:32:32Z" duration="0.002102" asserts="2" />
            <test-case id="0-1058" name="Translate_should_return_three_comparers" fullname="OrderProducts.Test.Shared.InterpreterTest.Translate_should_return_three_comparers" methodname="Translate_should_return_three_comparers" classname="OrderProducts.Test.Shared.InterpreterTest" runstate="Runnable" seed="1008435692" result="Passed" start-time="2017-07-07 18:32:32Z" end-time="2017-07-07 18:32:32Z" duration="0.003218" asserts="4" />
            <test-case id="0-1057" name="Translate_should_return_two_comparers" fullname="OrderProducts.Test.Shared.InterpreterTest.Translate_should_return_two_comparers" methodname="Translate_should_return_two_comparers" classname="OrderProducts.Test.Shared.InterpreterTest" runstate="Runnable" seed="821456034" result="Passed" start-time="2017-07-07 18:32:32Z" end-time="2017-07-07 18:32:32Z" duration="0.002486" asserts="3" />
            <test-case id="0-1060" name="Translate_should_return_two_comparers_and_order_is_important" fullname="OrderProducts.Test.Shared.InterpreterTest.Translate_should_return_two_comparers_and_order_is_important" methodname="Translate_should_return_two_comparers_and_order_is_important" classname="OrderProducts.Test.Shared.InterpreterTest" runstate="Runnable" seed="1782086821" result="Passed" start-time="2017-07-07 18:32:32Z" end-time="2017-07-07 18:32:32Z" duration="0.004653" asserts="8" />
          </test-suite>
          <test-suite type="TestFixture" id="0-1061" name="ObjectComparerTest" fullname="OrderProducts.Test.Shared.ObjectComparerTest" classname="OrderProducts.Test.Shared.ObjectComparerTest" runstate="Runnable" testcasecount="4" result="Passed" start-time="2017-07-07 18:32:32Z" end-time="2017-07-07 18:32:32Z" duration="0.057922" total="4" passed="4" failed="0" warnings="0" inconclusive="0" skipped="0" asserts="6">
            <test-case id="0-1063" name="Comparer_product_by_code_and_name_descending_should_return_minus_one" fullname="OrderProducts.Test.Shared.ObjectComparerTest.Comparer_product_by_code_and_name_descending_should_return_minus_one" methodname="Comparer_product_by_code_and_name_descending_should_return_minus_one" classname="OrderProducts.Test.Shared.ObjectComparerTest" runstate="Runnable" seed="170311916" result="Passed" start-time="2017-07-07 18:32:32Z" end-time="2017-07-07 18:32:32Z" duration="0.025318" asserts="1" />
            <test-case id="0-1064" name="Comparer_product_by_code_and_name_descending_should_return_one" fullname="OrderProducts.Test.Shared.ObjectComparerTest.Comparer_product_by_code_and_name_descending_should_return_one" methodname="Comparer_product_by_code_and_name_descending_should_return_one" classname="OrderProducts.Test.Shared.ObjectComparerTest" runstate="Runnable" seed="1061661804" result="Passed" start-time="2017-07-07 18:32:32Z" end-time="2017-07-07 18:32:32Z" duration="0.002007" asserts="1" />
            <test-case id="0-1062" name="Comparer_product_by_code_and_name_descending_should_return_zero" fullname="OrderProducts.Test.Shared.ObjectComparerTest.Comparer_product_by_code_and_name_descending_should_return_zero" methodname="Comparer_product_by_code_and_name_descending_should_return_zero" classname="OrderProducts.Test.Shared.ObjectComparerTest" runstate="Runnable" seed="156265203" result="Passed" start-time="2017-07-07 18:32:32Z" end-time="2017-07-07 18:32:32Z" duration="0.001654" asserts="1" />
            <test-case id="0-1065" name="Sort_by_code_and_name" fullname="OrderProducts.Test.Shared.ObjectComparerTest.Sort_by_code_and_name" methodname="Sort_by_code_and_name" classname="OrderProducts.Test.Shared.ObjectComparerTest" runstate="Runnable" seed="2131852600" result="Passed" start-time="2017-07-07 18:32:32Z" end-time="2017-07-07 18:32:32Z" duration="0.011941" asserts="3" />
          </test-suite>
        </test-suite>
      </test-suite>
    </test-suite>
  </test-suite>
</test-run>