<?xml version="1.0" encoding="utf-8" standalone="no"?>
<test-run id="2" testcasecount="14" result="Passed" total="14" passed="14" failed="0" inconclusive="0" skipped="0" asserts="38" engine-version="3.6.0.0" clr-version="4.0.30319.34209" start-time="2017-07-10 23:19:48Z" end-time="2017-07-10 23:19:57Z" duration="9.119534">
  <command-line><![CDATA["C:\Program Files (x86)\NUnit.org\nunit-console\nunit3-console.exe" OrderProducts.Test.dll]]></command-line>
  <test-suite type="Assembly" id="0-1018" name="OrderProducts.Test.dll" fullname="C:\Users\sebastian.gerard\Documents\Visual Studio 2013\Projects\OrderProductsOOP\OrderProducts.Test\bin\Debug\OrderProducts.Test.dll" runstate="Runnable" testcasecount="14" result="Passed" start-time="2017-07-10 23:19:53Z" end-time="2017-07-10 23:19:57Z" duration="4.055954" total="14" passed="14" failed="0" warnings="0" inconclusive="0" skipped="0" asserts="38">
    <environment framework-version="3.7.1.0" clr-version="4.0.30319.34209" os-version="Microsoft Windows NT 6.3.9600.0" platform="Win32NT" cwd="C:\Users\sebastian.gerard\Documents\Visual Studio 2013\Projects\OrderProductsOOP\OrderProducts.Test\bin\Debug" machine-name="ASCBOSGERARD" user="sebastian.gerard" user-domain="ASSURESOFT" culture="en-US" uiculture="en-US" os-architecture="x64" />
    <settings>
      <setting name="DisposeRunners" value="True" />
      <setting name="WorkDirectory" value="C:\Users\sebastian.gerard\Documents\Visual Studio 2013\Projects\OrderProductsOOP\OrderProducts.Test\bin\Debug" />
      <setting name="ImageRuntimeVersion" value="4.0.30319" />
      <setting name="ImageTargetFrameworkName" value=".NETFramework,Version=v4.5" />
      <setting name="ImageRequiresX86" value="False" />
      <setting name="ImageRequiresDefaultAppDomainAssemblyResolver" value="False" />
      <setting name="NumberOfTestWorkers" value="4" />
    </settings>
    <properties>
      <property name="_PID" value="6072" />
      <property name="_APPDOMAIN" value="domain-" />
    </properties>
    <test-suite type="TestSuite" id="0-1019" name="OrderProducts" fullname="OrderProducts" runstate="Runnable" testcasecount="14" result="Passed" start-time="2017-07-10 23:19:53Z" end-time="2017-07-10 23:19:57Z" duration="3.820319" total="14" passed="14" failed="0" warnings="0" inconclusive="0" skipped="0" asserts="38">
      <test-suite type="TestSuite" id="0-1020" name="Test" fullname="OrderProducts.Test" runstate="Runnable" testcasecount="14" result="Passed" start-time="2017-07-10 23:19:53Z" end-time="2017-07-10 23:19:57Z" duration="3.810730" total="14" passed="14" failed="0" warnings="0" inconclusive="0" skipped="0" asserts="38">
        <test-suite type="TestSuite" id="0-1021" name="CustomComparers" fullname="OrderProducts.Test.CustomComparers" runstate="Runnable" testcasecount="4" result="Passed" start-time="2017-07-10 23:19:53Z" end-time="2017-07-10 23:19:53Z" duration="0.313509" total="4" passed="4" failed="0" warnings="0" inconclusive="0" skipped="0" asserts="8">
          <test-suite type="TestFixture" id="0-1000" name="PropertyComparerTest" fullname="OrderProducts.Test.CustomComparers.PropertyComparerTest" classname="OrderProducts.Test.CustomComparers.PropertyComparerTest" runstate="Runnable" testcasecount="4" result="Passed" start-time="2017-07-10 23:19:53Z" end-time="2017-07-10 23:19:53Z" duration="0.294180" total="4" passed="4" failed="0" warnings="0" inconclusive="0" skipped="0" asserts="8">
            <test-case id="0-1003" name="PropertyCompareByDateTime" fullname="OrderProducts.Test.CustomComparers.PropertyComparerTest.PropertyCompareByDateTime" methodname="PropertyCompareByDateTime" classname="OrderProducts.Test.CustomComparers.PropertyComparerTest" runstate="Runnable" seed="1864362008" result="Passed" start-time="2017-07-10 23:19:53Z" end-time="2017-07-10 23:19:53Z" duration="0.149905" asserts="2" />
            <test-case id="0-1004" name="PropertyCompareByDateTimeReverse" fullname="OrderProducts.Test.CustomComparers.PropertyComparerTest.PropertyCompareByDateTimeReverse" methodname="PropertyCompareByDateTimeReverse" classname="OrderProducts.Test.CustomComparers.PropertyComparerTest" runstate="Runnable" seed="1168048584" result="Passed" start-time="2017-07-10 23:19:53Z" end-time="2017-07-10 23:19:53Z" duration="0.003216" asserts="2" />
            <test-case id="0-1001" name="PropertyCompareByString" fullname="OrderProducts.Test.CustomComparers.PropertyComparerTest.PropertyCompareByString" methodname="PropertyCompareByString" classname="OrderProducts.Test.CustomComparers.PropertyComparerTest" runstate="Runnable" seed="1604739269" result="Passed" start-time="2017-07-10 23:19:53Z" end-time="2017-07-10 23:19:53Z" duration="0.009390" asserts="2" />
            <test-case id="0-1002" name="PropertyCompareByStringReverse" fullname="OrderProducts.Test.CustomComparers.PropertyComparerTest.PropertyCompareByStringReverse" methodname="PropertyCompareByStringReverse" classname="OrderProducts.Test.CustomComparers.PropertyComparerTest" runstate="Runnable" seed="86245433" result="Passed" start-time="2017-07-10 23:19:53Z" end-time="2017-07-10 23:19:53Z" duration="0.003220" asserts="2" />
          </test-suite>
        </test-suite>
        <test-suite type="TestSuite" id="0-1022" name="MenuComponents" fullname="OrderProducts.Test.MenuComponents" runstate="Runnable" testcasecount="1" result="Passed" start-time="2017-07-10 23:19:53Z" end-time="2017-07-10 23:19:57Z" duration="3.374123" total="1" passed="1" failed="0" warnings="0" inconclusive="0" skipped="0" asserts="4">
          <test-suite type="TestFixture" id="0-1005" name="MenuComponentTest" fullname="OrderProducts.Test.MenuComponents.MenuComponentTest" classname="OrderProducts.Test.MenuComponents.MenuComponentTest" runstate="Runnable" testcasecount="1" result="Passed" start-time="2017-07-10 23:19:53Z" end-time="2017-07-10 23:19:57Z" duration="3.370851" total="1" passed="1" failed="0" warnings="0" inconclusive="0" skipped="0" asserts="4">
            <test-case id="0-1006" name="Add_should_add_a_menu_item_or_a_menu_component" fullname="OrderProducts.Test.MenuComponents.MenuComponentTest.Add_should_add_a_menu_item_or_a_menu_component" methodname="Add_should_add_a_menu_item_or_a_menu_component" classname="OrderProducts.Test.MenuComponents.MenuComponentTest" runstate="Runnable" seed="1459933785" result="Passed" start-time="2017-07-10 23:19:53Z" end-time="2017-07-10 23:19:57Z" duration="3.367264" asserts="4" />
          </test-suite>
        </test-suite>
        <test-suite type="TestSuite" id="0-1023" name="Shared" fullname="OrderProducts.Test.Shared" runstate="Runnable" testcasecount="9" result="Passed" start-time="2017-07-10 23:19:57Z" end-time="2017-07-10 23:19:57Z" duration="0.109189" total="9" passed="9" failed="0" warnings="0" inconclusive="0" skipped="0" asserts="26">
          <test-suite type="TestFixture" id="0-1007" name="InterpreterReflexionTest" fullname="OrderProducts.Test.Shared.InterpreterReflexionTest" classname="OrderProducts.Test.Shared.InterpreterReflexionTest" runstate="Runnable" testcasecount="5" result="Passed" start-time="2017-07-10 23:19:57Z" end-time="2017-07-10 23:19:57Z" duration="0.071622" total="5" passed="5" failed="0" warnings="0" inconclusive="0" skipped="0" asserts="20">
            <test-case id="0-1011" name="Translate_should_return_four_comparers" fullname="OrderProducts.Test.Shared.InterpreterReflexionTest.Translate_should_return_four_comparers" methodname="Translate_should_return_four_comparers" classname="OrderProducts.Test.Shared.InterpreterReflexionTest" runstate="Runnable" seed="709230516" result="Passed" start-time="2017-07-10 23:19:57Z" end-time="2017-07-10 23:19:57Z" duration="0.035702" asserts="5" />
            <test-case id="0-1008" name="Translate_should_return_one_comparer" fullname="OrderProducts.Test.Shared.InterpreterReflexionTest.Translate_should_return_one_comparer" methodname="Translate_should_return_one_comparer" classname="OrderProducts.Test.Shared.InterpreterReflexionTest" runstate="Runnable" seed="2072460224" result="Passed" start-time="2017-07-10 23:19:57Z" end-time="2017-07-10 23:19:57Z" duration="0.003257" asserts="2" />
            <test-case id="0-1010" name="Translate_should_return_three_comparers" fullname="OrderProducts.Test.Shared.InterpreterReflexionTest.Translate_should_return_three_comparers" methodname="Translate_should_return_three_comparers" classname="OrderProducts.Test.Shared.InterpreterReflexionTest" runstate="Runnable" seed="176514438" result="Passed" start-time="2017-07-10 23:19:57Z" end-time="2017-07-10 23:19:57Z" duration="0.008796" asserts="4" />
            <test-case id="0-1009" name="Translate_should_return_two_comparers" fullname="OrderProducts.Test.Shared.InterpreterReflexionTest.Translate_should_return_two_comparers" methodname="Translate_should_return_two_comparers" classname="OrderProducts.Test.Shared.InterpreterReflexionTest" runstate="Runnable" seed="1512919717" result="Passed" start-time="2017-07-10 23:19:57Z" end-time="2017-07-10 23:19:57Z" duration="0.004102" asserts="3" />
            <test-case id="0-1012" name="Translate_should_return_two_comparers_and_order_is_important" fullname="OrderProducts.Test.Shared.InterpreterReflexionTest.Translate_should_return_two_comparers_and_order_is_important" methodname="Translate_should_return_two_comparers_and_order_is_important" classname="OrderProducts.Test.Shared.InterpreterReflexionTest" runstate="Runnable" seed="1798759657" result="Passed" start-time="2017-07-10 23:19:57Z" end-time="2017-07-10 23:19:57Z" duration="0.005254" asserts="6" />
          </test-suite>
          <test-suite type="TestFixture" id="0-1013" name="ObjectComparerReflexionTest" fullname="OrderProducts.Test.Shared.ObjectComparerReflexionTest" classname="OrderProducts.Test.Shared.ObjectComparerReflexionTest" runstate="Runnable" testcasecount="4" result="Passed" start-time="2017-07-10 23:19:57Z" end-time="2017-07-10 23:19:57Z" duration="0.031660" total="4" passed="4" failed="0" warnings="0" inconclusive="0" skipped="0" asserts="6">
            <test-case id="0-1015" name="Comparer_product_by_code_and_name_descending_should_return_minus_one" fullname="OrderProducts.Test.Shared.ObjectComparerReflexionTest.Comparer_product_by_code_and_name_descending_should_return_minus_one" methodname="Comparer_product_by_code_and_name_descending_should_return_minus_one" classname="OrderProducts.Test.Shared.ObjectComparerReflexionTest" runstate="Runnable" seed="68380859" result="Passed" start-time="2017-07-10 23:19:57Z" end-time="2017-07-10 23:19:57Z" duration="0.012185" asserts="1" />
            <test-case id="0-1016" name="Comparer_product_by_code_and_name_descending_should_return_one" fullname="OrderProducts.Test.Shared.ObjectComparerReflexionTest.Comparer_product_by_code_and_name_descending_should_return_one" methodname="Comparer_product_by_code_and_name_descending_should_return_one" classname="OrderProducts.Test.Shared.ObjectComparerReflexionTest" runstate="Runnable" seed="2080055164" result="Passed" start-time="2017-07-10 23:19:57Z" end-time="2017-07-10 23:19:57Z" duration="0.001508" asserts="1" />
            <test-case id="0-1014" name="Comparer_product_by_code_and_name_descending_should_return_zero" fullname="OrderProducts.Test.Shared.ObjectComparerReflexionTest.Comparer_product_by_code_and_name_descending_should_return_zero" methodname="Comparer_product_by_code_and_name_descending_should_return_zero" classname="OrderProducts.Test.Shared.ObjectComparerReflexionTest" runstate="Runnable" seed="803062201" result="Passed" start-time="2017-07-10 23:19:57Z" end-time="2017-07-10 23:19:57Z" duration="0.001466" asserts="1" />
            <test-case id="0-1017" name="Sort_by_code_and_name" fullname="OrderProducts.Test.Shared.ObjectComparerReflexionTest.Sort_by_code_and_name" methodname="Sort_by_code_and_name" classname="OrderProducts.Test.Shared.ObjectComparerReflexionTest" runstate="Runnable" seed="409643441" result="Passed" start-time="2017-07-10 23:19:57Z" end-time="2017-07-10 23:19:57Z" duration="0.004033" asserts="3" />
          </test-suite>
        </test-suite>
      </test-suite>
    </test-suite>
  </test-suite>
</test-run>