<?xml version="1.0" encoding="utf-8" standalone="no"?>
<test-run id="2" testcasecount="52" result="Passed" total="52" passed="52" failed="0" inconclusive="0" skipped="0" asserts="74" engine-version="3.6.0.0" clr-version="4.0.30319.34209" start-time="2017-07-05 15:37:17Z" end-time="2017-07-05 15:37:27Z" duration="10.109828">
  <command-line><![CDATA[nunit3-console  OrderProducts.Test.dll]]></command-line>
  <test-suite type="Assembly" id="0-1066" name="OrderProducts.Test.dll" fullname="C:\Users\sebastian.gerard\Documents\Visual Studio 2013\Projects\OrderProductsOOP\OrderProducts.Test\bin\Debug\OrderProducts.Test.dll" runstate="Runnable" testcasecount="52" result="Passed" start-time="2017-07-05 15:37:22Z" end-time="2017-07-05 15:37:27Z" duration="4.450359" total="52" passed="52" failed="0" warnings="0" inconclusive="0" skipped="0" asserts="74">
    <environment framework-version="3.7.1.0" clr-version="4.0.30319.34209" os-version="Microsoft Windows NT 6.3.9600.0" platform="Win32NT" cwd="C:\Users\sebastian.gerard\Documents\Visual Studio 2013\Projects\OrderProductsOOP\OrderProducts.Test\bin\Debug" machine-name="ASCBOSGERARD" user="sebastian.gerard" user-domain="ASSURESOFT" culture="en-US" uiculture="en-US" os-architecture="x64" />
    <settings>
      <setting name="DisposeRunners" value="True" />
      <setting name="WorkDirectory" value="C:\Users\sebastian.gerard\Documents\Visual Studio 2013\Projects\OrderProductsOOP\OrderProducts.Test\bin\Debug" />
      <setting name="ImageRuntimeVersion" value="4.0.30319" />
      <setting name="ImageTargetFrameworkName" value=".NETFramework,Version=v4.5" />
      <setting name="ImageRequiresX86" value="False" />
      <setting name="ImageRequiresDefaultAppDomainAssemblyResolver" value="False" />
      <setting name="NumberOfTestWorkers" value="4" />
    </settings>
    <properties>
      <property name="_PID" value="2424" />
      <property name="_APPDOMAIN" value="domain-" />
    </properties>
    <test-suite type="TestSuite" id="0-1067" name="OrderProducts" fullname="OrderProducts" runstate="Runnable" testcasecount="52" result="Passed" start-time="2017-07-05 15:37:23Z" end-time="2017-07-05 15:37:27Z" duration="4.235079" total="52" passed="52" failed="0" warnings="0" inconclusive="0" skipped="0" asserts="74">
      <test-suite type="TestSuite" id="0-1068" name="Test" fullname="OrderProducts.Test" runstate="Runnable" testcasecount="52" result="Passed" start-time="2017-07-05 15:37:23Z" end-time="2017-07-05 15:37:27Z" duration="4.219024" total="52" passed="52" failed="0" warnings="0" inconclusive="0" skipped="0" asserts="74">
        <test-suite type="TestSuite" id="0-1069" name="BookContainer" fullname="OrderProducts.Test.BookContainer" runstate="Runnable" testcasecount="18" result="Passed" start-time="2017-07-05 15:37:23Z" end-time="2017-07-05 15:37:23Z" duration="0.586171" total="18" passed="18" failed="0" warnings="0" inconclusive="0" skipped="0" asserts="18">
          <test-suite type="TestSuite" id="0-1070" name="PropertyComparerClasses" fullname="OrderProducts.Test.BookContainer.PropertyComparerClasses" runstate="Runnable" testcasecount="18" result="Passed" start-time="2017-07-05 15:37:23Z" end-time="2017-07-05 15:37:23Z" duration="0.572241" total="18" passed="18" failed="0" warnings="0" inconclusive="0" skipped="0" asserts="18">
            <test-suite type="TestFixture" id="0-1000" name="BookAuthorPropertyComparerTest" fullname="OrderProducts.Test.BookContainer.PropertyComparerClasses.BookAuthorPropertyComparerTest" classname="OrderProducts.Test.BookContainer.PropertyComparerClasses.BookAuthorPropertyComparerTest" runstate="Runnable" testcasecount="5" result="Passed" start-time="2017-07-05 15:37:23Z" end-time="2017-07-05 15:37:23Z" duration="0.315862" total="5" passed="5" failed="0" warnings="0" inconclusive="0" skipped="0" asserts="5">
              <test-case id="0-1005" name="Compare_by_author_ascending_should_return_minus_one_if_the_the_second_author_precedes_the_first" fullname="OrderProducts.Test.BookContainer.PropertyComparerClasses.BookAuthorPropertyComparerTest.Compare_by_author_ascending_should_return_minus_one_if_the_the_second_author_precedes_the_first" methodname="Compare_by_author_ascending_should_return_minus_one_if_the_the_second_author_precedes_the_first" classname="OrderProducts.Test.BookContainer.PropertyComparerClasses.BookAuthorPropertyComparerTest" runstate="Runnable" seed="238536653" result="Passed" start-time="2017-07-05 15:37:23Z" end-time="2017-07-05 15:37:23Z" duration="0.140394" asserts="1" />
              <test-case id="0-1004" name="Compare_by_author_ascending_should_return_one_if_the_the_second_author_follows_the_first" fullname="OrderProducts.Test.BookContainer.PropertyComparerClasses.BookAuthorPropertyComparerTest.Compare_by_author_ascending_should_return_one_if_the_the_second_author_follows_the_first" methodname="Compare_by_author_ascending_should_return_one_if_the_the_second_author_follows_the_first" classname="OrderProducts.Test.BookContainer.PropertyComparerClasses.BookAuthorPropertyComparerTest" runstate="Runnable" seed="214216902" result="Passed" start-time="2017-07-05 15:37:23Z" end-time="2017-07-05 15:37:23Z" duration="0.002047" asserts="1" />
              <test-case id="0-1003" name="Compare_by_author_descending_should_return_minus_one_if_the_the_first_author_precedes_the_second" fullname="OrderProducts.Test.BookContainer.PropertyComparerClasses.BookAuthorPropertyComparerTest.Compare_by_author_descending_should_return_minus_one_if_the_the_first_author_precedes_the_second" methodname="Compare_by_author_descending_should_return_minus_one_if_the_the_first_author_precedes_the_second" classname="OrderProducts.Test.BookContainer.PropertyComparerClasses.BookAuthorPropertyComparerTest" runstate="Runnable" seed="1474266993" result="Passed" start-time="2017-07-05 15:37:23Z" end-time="2017-07-05 15:37:23Z" duration="0.004028" asserts="1" />
              <test-case id="0-1002" name="Compare_by_author_descending_should_return_one_if_the_the_first_author_follows_the_second" fullname="OrderProducts.Test.BookContainer.PropertyComparerClasses.BookAuthorPropertyComparerTest.Compare_by_author_descending_should_return_one_if_the_the_first_author_follows_the_second" methodname="Compare_by_author_descending_should_return_one_if_the_the_first_author_follows_the_second" classname="OrderProducts.Test.BookContainer.PropertyComparerClasses.BookAuthorPropertyComparerTest" runstate="Runnable" seed="572011911" result="Passed" start-time="2017-07-05 15:37:23Z" end-time="2017-07-05 15:37:23Z" duration="0.001989" asserts="1" />
              <test-case id="0-1001" name="Compare_by_author_should_return_zero_if_they_have_same_author" fullname="OrderProducts.Test.BookContainer.PropertyComparerClasses.BookAuthorPropertyComparerTest.Compare_by_author_should_return_zero_if_they_have_same_author" methodname="Compare_by_author_should_return_zero_if_they_have_same_author" classname="OrderProducts.Test.BookContainer.PropertyComparerClasses.BookAuthorPropertyComparerTest" runstate="Runnable" seed="1851990782" result="Passed" start-time="2017-07-05 15:37:23Z" end-time="2017-07-05 15:37:23Z" duration="0.003685" asserts="1" />
            </test-suite>
            <test-suite type="TestFixture" id="0-1006" name="BookIsbnPropertyComparerTest" fullname="OrderProducts.Test.BookContainer.PropertyComparerClasses.BookIsbnPropertyComparerTest" classname="OrderProducts.Test.BookContainer.PropertyComparerClasses.BookIsbnPropertyComparerTest" runstate="Runnable" testcasecount="5" result="Passed" start-time="2017-07-05 15:37:23Z" end-time="2017-07-05 15:37:23Z" duration="0.054931" total="5" passed="5" failed="0" warnings="0" inconclusive="0" skipped="0" asserts="5">
              <test-case id="0-1011" name="Compare_by_isbn_ascending_should_return_minus_one_if_the_the_second_isbn_precedes_the_first" fullname="OrderProducts.Test.BookContainer.PropertyComparerClasses.BookIsbnPropertyComparerTest.Compare_by_isbn_ascending_should_return_minus_one_if_the_the_second_isbn_precedes_the_first" methodname="Compare_by_isbn_ascending_should_return_minus_one_if_the_the_second_isbn_precedes_the_first" classname="OrderProducts.Test.BookContainer.PropertyComparerClasses.BookIsbnPropertyComparerTest" runstate="Runnable" seed="493357189" result="Passed" start-time="2017-07-05 15:37:23Z" end-time="2017-07-05 15:37:23Z" duration="0.002669" asserts="1" />
              <test-case id="0-1010" name="Compare_by_isbn_ascending_should_return_one_if_the_the_second_isbn_follows_the_first" fullname="OrderProducts.Test.BookContainer.PropertyComparerClasses.BookIsbnPropertyComparerTest.Compare_by_isbn_ascending_should_return_one_if_the_the_second_isbn_follows_the_first" methodname="Compare_by_isbn_ascending_should_return_one_if_the_the_second_isbn_follows_the_first" classname="OrderProducts.Test.BookContainer.PropertyComparerClasses.BookIsbnPropertyComparerTest" runstate="Runnable" seed="2064257112" result="Passed" start-time="2017-07-05 15:37:23Z" end-time="2017-07-05 15:37:23Z" duration="0.004219" asserts="1" />
              <test-case id="0-1009" name="Compare_by_isbn_descending_should_return_minus_one_if_the_the_first_isbn_precedes_the_second" fullname="OrderProducts.Test.BookContainer.PropertyComparerClasses.BookIsbnPropertyComparerTest.Compare_by_isbn_descending_should_return_minus_one_if_the_the_first_isbn_precedes_the_second" methodname="Compare_by_isbn_descending_should_return_minus_one_if_the_the_first_isbn_precedes_the_second" classname="OrderProducts.Test.BookContainer.PropertyComparerClasses.BookIsbnPropertyComparerTest" runstate="Runnable" seed="1195895840" result="Passed" start-time="2017-07-05 15:37:23Z" end-time="2017-07-05 15:37:23Z" duration="0.002719" asserts="1" />
              <test-case id="0-1008" name="Compare_by_isbn_descending_should_return_one_if_the_the_first_isbn_follows_the_second" fullname="OrderProducts.Test.BookContainer.PropertyComparerClasses.BookIsbnPropertyComparerTest.Compare_by_isbn_descending_should_return_one_if_the_the_first_isbn_follows_the_second" methodname="Compare_by_isbn_descending_should_return_one_if_the_the_first_isbn_follows_the_second" classname="OrderProducts.Test.BookContainer.PropertyComparerClasses.BookIsbnPropertyComparerTest" runstate="Runnable" seed="1660223854" result="Passed" start-time="2017-07-05 15:37:23Z" end-time="2017-07-05 15:37:23Z" duration="0.002387" asserts="1" />
              <test-case id="0-1007" name="Compare_by_isbn_should_return_zero_if_they_have_same_isbn" fullname="OrderProducts.Test.BookContainer.PropertyComparerClasses.BookIsbnPropertyComparerTest.Compare_by_isbn_should_return_zero_if_they_have_same_isbn" methodname="Compare_by_isbn_should_return_zero_if_they_have_same_isbn" classname="OrderProducts.Test.BookContainer.PropertyComparerClasses.BookIsbnPropertyComparerTest" runstate="Runnable" seed="1878848180" result="Passed" start-time="2017-07-05 15:37:23Z" end-time="2017-07-05 15:37:23Z" duration="0.002324" asserts="1" />
            </test-suite>
            <test-suite type="TestFixture" id="0-1012" name="BookNamePropertyComparerTest" fullname="OrderProducts.Test.BookContainer.PropertyComparerClasses.BookNamePropertyComparerTest" classname="OrderProducts.Test.BookContainer.PropertyComparerClasses.BookNamePropertyComparerTest" runstate="Runnable" testcasecount="5" result="Passed" start-time="2017-07-05 15:37:23Z" end-time="2017-07-05 15:37:23Z" duration="0.064741" total="5" passed="5" failed="0" warnings="0" inconclusive="0" skipped="0" asserts="5">
              <test-case id="0-1017" name="Compare_by_name_ascending_should_return_minus_one_if_the_the_second_name_precedes_the_first" fullname="OrderProducts.Test.BookContainer.PropertyComparerClasses.BookNamePropertyComparerTest.Compare_by_name_ascending_should_return_minus_one_if_the_the_second_name_precedes_the_first" methodname="Compare_by_name_ascending_should_return_minus_one_if_the_the_second_name_precedes_the_first" classname="OrderProducts.Test.BookContainer.PropertyComparerClasses.BookNamePropertyComparerTest" runstate="Runnable" seed="1213671181" result="Passed" start-time="2017-07-05 15:37:23Z" end-time="2017-07-05 15:37:23Z" duration="0.001690" asserts="1" />
              <test-case id="0-1016" name="Compare_by_name_ascending_should_return_one_if_the_the_second_name_follows_the_first" fullname="OrderProducts.Test.BookContainer.PropertyComparerClasses.BookNamePropertyComparerTest.Compare_by_name_ascending_should_return_one_if_the_the_second_name_follows_the_first" methodname="Compare_by_name_ascending_should_return_one_if_the_the_second_name_follows_the_first" classname="OrderProducts.Test.BookContainer.PropertyComparerClasses.BookNamePropertyComparerTest" runstate="Runnable" seed="1414907502" result="Passed" start-time="2017-07-05 15:37:23Z" end-time="2017-07-05 15:37:23Z" duration="0.005484" asserts="1" />
              <test-case id="0-1015" name="Compare_by_name_descending_should_return_minus_one_if_the_the_first_name_precedes_the_second" fullname="OrderProducts.Test.BookContainer.PropertyComparerClasses.BookNamePropertyComparerTest.Compare_by_name_descending_should_return_minus_one_if_the_the_first_name_precedes_the_second" methodname="Compare_by_name_descending_should_return_minus_one_if_the_the_first_name_precedes_the_second" classname="OrderProducts.Test.BookContainer.PropertyComparerClasses.BookNamePropertyComparerTest" runstate="Runnable" seed="1873132629" result="Passed" start-time="2017-07-05 15:37:23Z" end-time="2017-07-05 15:37:23Z" duration="0.002427" asserts="1" />
              <test-case id="0-1014" name="Compare_by_name_descending_should_return_one_if_the_the_first_name_follows_the_second" fullname="OrderProducts.Test.BookContainer.PropertyComparerClasses.BookNamePropertyComparerTest.Compare_by_name_descending_should_return_one_if_the_the_first_name_follows_the_second" methodname="Compare_by_name_descending_should_return_one_if_the_the_first_name_follows_the_second" classname="OrderProducts.Test.BookContainer.PropertyComparerClasses.BookNamePropertyComparerTest" runstate="Runnable" seed="1787395694" result="Passed" start-time="2017-07-05 15:37:23Z" end-time="2017-07-05 15:37:23Z" duration="0.002444" asserts="1" />
              <test-case id="0-1013" name="Compare_by_name_should_return_zero_if_they_have_same_name" fullname="OrderProducts.Test.BookContainer.PropertyComparerClasses.BookNamePropertyComparerTest.Compare_by_name_should_return_zero_if_they_have_same_name" methodname="Compare_by_name_should_return_zero_if_they_have_same_name" classname="OrderProducts.Test.BookContainer.PropertyComparerClasses.BookNamePropertyComparerTest" runstate="Runnable" seed="1602481454" result="Passed" start-time="2017-07-05 15:37:23Z" end-time="2017-07-05 15:37:23Z" duration="0.003886" asserts="1" />
            </test-suite>
            <test-suite type="TestFixture" id="0-1018" name="FactoryBooksPropertyComparerTest" fullname="OrderProducts.Test.BookContainer.PropertyComparerClasses.FactoryBooksPropertyComparerTest" classname="OrderProducts.Test.BookContainer.PropertyComparerClasses.FactoryBooksPropertyComparerTest" runstate="Runnable" testcasecount="3" result="Passed" start-time="2017-07-05 15:37:23Z" end-time="2017-07-05 15:37:23Z" duration="0.074029" total="3" passed="3" failed="0" warnings="0" inconclusive="0" skipped="0" asserts="3">
              <test-suite type="ParameterizedMethod" id="0-1022" name="Create_should_return_instance_of_the_correct_class" fullname="OrderProducts.Test.BookContainer.PropertyComparerClasses.FactoryBooksPropertyComparerTest.Create_should_return_instance_of_the_correct_class" classname="OrderProducts.Test.BookContainer.PropertyComparerClasses.FactoryBooksPropertyComparerTest" runstate="Runnable" testcasecount="3" result="Passed" start-time="2017-07-05 15:37:23Z" end-time="2017-07-05 15:37:23Z" duration="0.048114" total="3" passed="3" failed="0" warnings="0" inconclusive="0" skipped="0" asserts="3">
                <test-case id="0-1019" name="Create_should_return_instance_of_the_correct_class(&quot;A&quot;,&quot;1&quot;,Container.BookNamePropertyComparer)" fullname="OrderProducts.Test.BookContainer.PropertyComparerClasses.FactoryBooksPropertyComparerTest.Create_should_return_instance_of_the_correct_class(&quot;A&quot;,&quot;1&quot;,Container.BookNamePropertyComparer)" methodname="Create_should_return_instance_of_the_correct_class" classname="OrderProducts.Test.BookContainer.PropertyComparerClasses.FactoryBooksPropertyComparerTest" runstate="Runnable" seed="1837966699" result="Passed" start-time="2017-07-05 15:37:23Z" end-time="2017-07-05 15:37:23Z" duration="0.005377" asserts="1" />
                <test-case id="0-1020" name="Create_should_return_instance_of_the_correct_class(&quot;A&quot;,&quot;2&quot;,Container.BookAuthorPropertyComparer)" fullname="OrderProducts.Test.BookContainer.PropertyComparerClasses.FactoryBooksPropertyComparerTest.Create_should_return_instance_of_the_correct_class(&quot;A&quot;,&quot;2&quot;,Container.BookAuthorPropertyComparer)" methodname="Create_should_return_instance_of_the_correct_class" classname="OrderProducts.Test.BookContainer.PropertyComparerClasses.FactoryBooksPropertyComparerTest" runstate="Runnable" seed="1814360216" result="Passed" start-time="2017-07-05 15:37:23Z" end-time="2017-07-05 15:37:23Z" duration="0.000840" asserts="1" />
                <test-case id="0-1021" name="Create_should_return_instance_of_the_correct_class(&quot;A&quot;,&quot;3&quot;,Container.BookIsbnPropertyComparer)" fullname="OrderProducts.Test.BookContainer.PropertyComparerClasses.FactoryBooksPropertyComparerTest.Create_should_return_instance_of_the_correct_class(&quot;A&quot;,&quot;3&quot;,Container.BookIsbnPropertyComparer)" methodname="Create_should_return_instance_of_the_correct_class" classname="OrderProducts.Test.BookContainer.PropertyComparerClasses.FactoryBooksPropertyComparerTest" runstate="Runnable" seed="1857038983" result="Passed" start-time="2017-07-05 15:37:23Z" end-time="2017-07-05 15:37:23Z" duration="0.000627" asserts="1" />
              </test-suite>
            </test-suite>
          </test-suite>
        </test-suite>
        <test-suite type="TestSuite" id="0-1071" name="MenuComponents" fullname="OrderProducts.Test.MenuComponents" runstate="Runnable" testcasecount="1" result="Passed" start-time="2017-07-05 15:37:23Z" end-time="2017-07-05 15:37:26Z" duration="2.868007" total="1" passed="1" failed="0" warnings="0" inconclusive="0" skipped="0" asserts="4">
          <test-suite type="TestFixture" id="0-1023" name="MenuComponentTest" fullname="OrderProducts.Test.MenuComponents.MenuComponentTest" classname="OrderProducts.Test.MenuComponents.MenuComponentTest" runstate="Runnable" testcasecount="1" result="Passed" start-time="2017-07-05 15:37:23Z" end-time="2017-07-05 15:37:26Z" duration="2.857729" total="1" passed="1" failed="0" warnings="0" inconclusive="0" skipped="0" asserts="4">
            <test-case id="0-1024" name="Add_should_add_a_menu_item_or_a_menu_component" fullname="OrderProducts.Test.MenuComponents.MenuComponentTest.Add_should_add_a_menu_item_or_a_menu_component" methodname="Add_should_add_a_menu_item_or_a_menu_component" classname="OrderProducts.Test.MenuComponents.MenuComponentTest" runstate="Runnable" seed="1075373209" result="Passed" start-time="2017-07-05 15:37:23Z" end-time="2017-07-05 15:37:26Z" duration="2.852194" asserts="4" />
          </test-suite>
        </test-suite>
        <test-suite type="TestSuite" id="0-1072" name="ProductContainer" fullname="OrderProducts.Test.ProductContainer" runstate="Runnable" testcasecount="24" result="Passed" start-time="2017-07-05 15:37:26Z" end-time="2017-07-05 15:37:27Z" duration="0.496161" total="24" passed="24" failed="0" warnings="0" inconclusive="0" skipped="0" asserts="24">
          <test-suite type="TestSuite" id="0-1073" name="PropertyComparerClasses" fullname="OrderProducts.Test.ProductContainer.PropertyComparerClasses" runstate="Runnable" testcasecount="24" result="Passed" start-time="2017-07-05 15:37:26Z" end-time="2017-07-05 15:37:27Z" duration="0.480282" total="24" passed="24" failed="0" warnings="0" inconclusive="0" skipped="0" asserts="24">
            <test-suite type="TestFixture" id="0-1025" name="FactoryProductPropertyComparerTest" fullname="OrderProducts.Test.ProductContainer.PropertyComparerClasses.FactoryProductPropertyComparerTest" classname="OrderProducts.Test.ProductContainer.PropertyComparerClasses.FactoryProductPropertyComparerTest" runstate="Runnable" testcasecount="4" result="Passed" start-time="2017-07-05 15:37:26Z" end-time="2017-07-05 15:37:26Z" duration="0.080176" total="4" passed="4" failed="0" warnings="0" inconclusive="0" skipped="0" asserts="4">
              <test-suite type="ParameterizedMethod" id="0-1030" name="Create_should_return_instance_of_the_correct_class" fullname="OrderProducts.Test.ProductContainer.PropertyComparerClasses.FactoryProductPropertyComparerTest.Create_should_return_instance_of_the_correct_class" classname="OrderProducts.Test.ProductContainer.PropertyComparerClasses.FactoryProductPropertyComparerTest" runstate="Runnable" testcasecount="4" result="Passed" start-time="2017-07-05 15:37:26Z" end-time="2017-07-05 15:37:26Z" duration="0.063913" total="4" passed="4" failed="0" warnings="0" inconclusive="0" skipped="0" asserts="4">
                <test-case id="0-1026" name="Create_should_return_instance_of_the_correct_class(&quot;A&quot;,&quot;2&quot;,Container.ProductNameComparer)" fullname="OrderProducts.Test.ProductContainer.PropertyComparerClasses.FactoryProductPropertyComparerTest.Create_should_return_instance_of_the_correct_class(&quot;A&quot;,&quot;2&quot;,Container.ProductNameComparer)" methodname="Create_should_return_instance_of_the_correct_class" classname="OrderProducts.Test.ProductContainer.PropertyComparerClasses.FactoryProductPropertyComparerTest" runstate="Runnable" seed="1672673575" result="Passed" start-time="2017-07-05 15:37:26Z" end-time="2017-07-05 15:37:26Z" duration="0.006120" asserts="1" />
                <test-case id="0-1027" name="Create_should_return_instance_of_the_correct_class(&quot;A&quot;,&quot;4&quot;,Container.ProductExpirationDateComparer)" fullname="OrderProducts.Test.ProductContainer.PropertyComparerClasses.FactoryProductPropertyComparerTest.Create_should_return_instance_of_the_correct_class(&quot;A&quot;,&quot;4&quot;,Container.ProductExpirationDateComparer)" methodname="Create_should_return_instance_of_the_correct_class" classname="OrderProducts.Test.ProductContainer.PropertyComparerClasses.FactoryProductPropertyComparerTest" runstate="Runnable" seed="1776119836" result="Passed" start-time="2017-07-05 15:37:26Z" end-time="2017-07-05 15:37:26Z" duration="0.001950" asserts="1" />
                <test-case id="0-1028" name="Create_should_return_instance_of_the_correct_class(&quot;A&quot;,&quot;1&quot;,Container.ProductCodeComparer)" fullname="OrderProducts.Test.ProductContainer.PropertyComparerClasses.FactoryProductPropertyComparerTest.Create_should_return_instance_of_the_correct_class(&quot;A&quot;,&quot;1&quot;,Container.ProductCodeComparer)" methodname="Create_should_return_instance_of_the_correct_class" classname="OrderProducts.Test.ProductContainer.PropertyComparerClasses.FactoryProductPropertyComparerTest" runstate="Runnable" seed="2106840812" result="Passed" start-time="2017-07-05 15:37:26Z" end-time="2017-07-05 15:37:26Z" duration="0.002245" asserts="1" />
                <test-case id="0-1029" name="Create_should_return_instance_of_the_correct_class(&quot;A&quot;,&quot;3&quot;,Container.ProductStockComparer)" fullname="OrderProducts.Test.ProductContainer.PropertyComparerClasses.FactoryProductPropertyComparerTest.Create_should_return_instance_of_the_correct_class(&quot;A&quot;,&quot;3&quot;,Container.ProductStockComparer)" methodname="Create_should_return_instance_of_the_correct_class" classname="OrderProducts.Test.ProductContainer.PropertyComparerClasses.FactoryProductPropertyComparerTest" runstate="Runnable" seed="852790925" result="Passed" start-time="2017-07-05 15:37:26Z" end-time="2017-07-05 15:37:26Z" duration="0.001632" asserts="1" />
              </test-suite>
            </test-suite>
            <test-suite type="TestFixture" id="0-1031" name="ProductCodeComparerTest" fullname="OrderProducts.Test.ProductContainer.PropertyComparerClasses.ProductCodeComparerTest" classname="OrderProducts.Test.ProductContainer.PropertyComparerClasses.ProductCodeComparerTest" runstate="Runnable" testcasecount="5" result="Passed" start-time="2017-07-05 15:37:26Z" end-time="2017-07-05 15:37:26Z" duration="0.080288" total="5" passed="5" failed="0" warnings="0" inconclusive="0" skipped="0" asserts="5">
              <test-case id="0-1036" name="Compare_by_code_ascending_should_return_minus_one_if_the_the_second_code_precedes_the_first" fullname="OrderProducts.Test.ProductContainer.PropertyComparerClasses.ProductCodeComparerTest.Compare_by_code_ascending_should_return_minus_one_if_the_the_second_code_precedes_the_first" methodname="Compare_by_code_ascending_should_return_minus_one_if_the_the_second_code_precedes_the_first" classname="OrderProducts.Test.ProductContainer.PropertyComparerClasses.ProductCodeComparerTest" runstate="Runnable" seed="1005934169" result="Passed" start-time="2017-07-05 15:37:26Z" end-time="2017-07-05 15:37:26Z" duration="0.005955" asserts="1" />
              <test-case id="0-1035" name="Compare_by_code_ascending_should_return_one_if_the_the_second_code_follows_the_first" fullname="OrderProducts.Test.ProductContainer.PropertyComparerClasses.ProductCodeComparerTest.Compare_by_code_ascending_should_return_one_if_the_the_second_code_follows_the_first" methodname="Compare_by_code_ascending_should_return_one_if_the_the_second_code_follows_the_first" classname="OrderProducts.Test.ProductContainer.PropertyComparerClasses.ProductCodeComparerTest" runstate="Runnable" seed="370978282" result="Passed" start-time="2017-07-05 15:37:26Z" end-time="2017-07-05 15:37:26Z" duration="0.003123" asserts="1" />
              <test-case id="0-1034" name="Compare_by_code_descending_should_return_minus_one_if_the_the_first_code_precedes_the_second" fullname="OrderProducts.Test.ProductContainer.PropertyComparerClasses.ProductCodeComparerTest.Compare_by_code_descending_should_return_minus_one_if_the_the_first_code_precedes_the_second" methodname="Compare_by_code_descending_should_return_minus_one_if_the_the_first_code_precedes_the_second" classname="OrderProducts.Test.ProductContainer.PropertyComparerClasses.ProductCodeComparerTest" runstate="Runnable" seed="1017524515" result="Passed" start-time="2017-07-05 15:37:26Z" end-time="2017-07-05 15:37:26Z" duration="0.002194" asserts="1" />
              <test-case id="0-1033" name="Compare_by_code_descending_should_return_one_if_the_the_first_code_follows_the_second" fullname="OrderProducts.Test.ProductContainer.PropertyComparerClasses.ProductCodeComparerTest.Compare_by_code_descending_should_return_one_if_the_the_first_code_follows_the_second" methodname="Compare_by_code_descending_should_return_one_if_the_the_first_code_follows_the_second" classname="OrderProducts.Test.ProductContainer.PropertyComparerClasses.ProductCodeComparerTest" runstate="Runnable" seed="839281554" result="Passed" start-time="2017-07-05 15:37:26Z" end-time="2017-07-05 15:37:26Z" duration="0.001938" asserts="1" />
              <test-case id="0-1032" name="Compare_by_code_should_return_zero_if_they_have_same_code" fullname="OrderProducts.Test.ProductContainer.PropertyComparerClasses.ProductCodeComparerTest.Compare_by_code_should_return_zero_if_they_have_same_code" methodname="Compare_by_code_should_return_zero_if_they_have_same_code" classname="OrderProducts.Test.ProductContainer.PropertyComparerClasses.ProductCodeComparerTest" runstate="Runnable" seed="61461509" result="Passed" start-time="2017-07-05 15:37:26Z" end-time="2017-07-05 15:37:26Z" duration="0.002605" asserts="1" />
            </test-suite>
            <test-suite type="TestFixture" id="0-1037" name="ProductExpirationDateComparerTest" fullname="OrderProducts.Test.ProductContainer.PropertyComparerClasses.ProductExpirationDateComparerTest" classname="OrderProducts.Test.ProductContainer.PropertyComparerClasses.ProductExpirationDateComparerTest" runstate="Runnable" testcasecount="5" result="Passed" start-time="2017-07-05 15:37:26Z" end-time="2017-07-05 15:37:26Z" duration="0.080506" total="5" passed="5" failed="0" warnings="0" inconclusive="0" skipped="0" asserts="5">
              <test-case id="0-1042" name="Compare_by_expirationDate_ascending_should_return_minus_one_if_the_the_second_expirationDate_precedes_the_first" fullname="OrderProducts.Test.ProductContainer.PropertyComparerClasses.ProductExpirationDateComparerTest.Compare_by_expirationDate_ascending_should_return_minus_one_if_the_the_second_expirationDate_precedes_the_first" methodname="Compare_by_expirationDate_ascending_should_return_minus_one_if_the_the_second_expirationDate_precedes_the_first" classname="OrderProducts.Test.ProductContainer.PropertyComparerClasses.ProductExpirationDateComparerTest" runstate="Runnable" seed="49249502" result="Passed" start-time="2017-07-05 15:37:26Z" end-time="2017-07-05 15:37:26Z" duration="0.003330" asserts="1" />
              <test-case id="0-1041" name="Compare_by_expirationDate_ascending_should_return_one_if_the_the_second_expirationDate_follows_the_first" fullname="OrderProducts.Test.ProductContainer.PropertyComparerClasses.ProductExpirationDateComparerTest.Compare_by_expirationDate_ascending_should_return_one_if_the_the_second_expirationDate_follows_the_first" methodname="Compare_by_expirationDate_ascending_should_return_one_if_the_the_second_expirationDate_follows_the_first" classname="OrderProducts.Test.ProductContainer.PropertyComparerClasses.ProductExpirationDateComparerTest" runstate="Runnable" seed="691476313" result="Passed" start-time="2017-07-05 15:37:26Z" end-time="2017-07-05 15:37:26Z" duration="0.002414" asserts="1" />
              <test-case id="0-1040" name="Compare_by_expirationDate_descending_should_return_minus_one_if_the_the_first_expirationDate_precedes_the_second" fullname="OrderProducts.Test.ProductContainer.PropertyComparerClasses.ProductExpirationDateComparerTest.Compare_by_expirationDate_descending_should_return_minus_one_if_the_the_first_expirationDate_precedes_the_second" methodname="Compare_by_expirationDate_descending_should_return_minus_one_if_the_the_first_expirationDate_precedes_the_second" classname="OrderProducts.Test.ProductContainer.PropertyComparerClasses.ProductExpirationDateComparerTest" runstate="Runnable" seed="462945765" result="Passed" start-time="2017-07-05 15:37:26Z" end-time="2017-07-05 15:37:26Z" duration="0.001920" asserts="1" />
              <test-case id="0-1039" name="Compare_by_expirationDate_descending_should_return_one_if_the_the_first_expirationDate_follows_the_second" fullname="OrderProducts.Test.ProductContainer.PropertyComparerClasses.ProductExpirationDateComparerTest.Compare_by_expirationDate_descending_should_return_one_if_the_the_first_expirationDate_follows_the_second" methodname="Compare_by_expirationDate_descending_should_return_one_if_the_the_first_expirationDate_follows_the_second" classname="OrderProducts.Test.ProductContainer.PropertyComparerClasses.ProductExpirationDateComparerTest" runstate="Runnable" seed="997146891" result="Passed" start-time="2017-07-05 15:37:26Z" end-time="2017-07-05 15:37:26Z" duration="0.002056" asserts="1" />
              <test-case id="0-1038" name="Compare_by_expirationDate_should_return_zero_if_they_have_same_expirationDate" fullname="OrderProducts.Test.ProductContainer.PropertyComparerClasses.ProductExpirationDateComparerTest.Compare_by_expirationDate_should_return_zero_if_they_have_same_expirationDate" methodname="Compare_by_expirationDate_should_return_zero_if_they_have_same_expirationDate" classname="OrderProducts.Test.ProductContainer.PropertyComparerClasses.ProductExpirationDateComparerTest" runstate="Runnable" seed="1814535305" result="Passed" start-time="2017-07-05 15:37:26Z" end-time="2017-07-05 15:37:26Z" duration="0.002735" asserts="1" />
            </test-suite>
            <test-suite type="TestFixture" id="0-1043" name="ProductNameComparerTest" fullname="OrderProducts.Test.ProductContainer.PropertyComparerClasses.ProductNameComparerTest" classname="OrderProducts.Test.ProductContainer.PropertyComparerClasses.ProductNameComparerTest" runstate="Runnable" testcasecount="5" result="Passed" start-time="2017-07-05 15:37:26Z" end-time="2017-07-05 15:37:26Z" duration="0.080061" total="5" passed="5" failed="0" warnings="0" inconclusive="0" skipped="0" asserts="5">
              <test-case id="0-1048" name="Compare_by_name_ascending_should_return_minus_one_if_the_the_second_name_precedes_the_first" fullname="OrderProducts.Test.ProductContainer.PropertyComparerClasses.ProductNameComparerTest.Compare_by_name_ascending_should_return_minus_one_if_the_the_second_name_precedes_the_first" methodname="Compare_by_name_ascending_should_return_minus_one_if_the_the_second_name_precedes_the_first" classname="OrderProducts.Test.ProductContainer.PropertyComparerClasses.ProductNameComparerTest" runstate="Runnable" seed="325036110" result="Passed" start-time="2017-07-05 15:37:26Z" end-time="2017-07-05 15:37:26Z" duration="0.003394" asserts="1" />
              <test-case id="0-1047" name="Compare_by_name_ascending_should_return_one_if_the_the_second_name_follows_the_first" fullname="OrderProducts.Test.ProductContainer.PropertyComparerClasses.ProductNameComparerTest.Compare_by_name_ascending_should_return_one_if_the_the_second_name_follows_the_first" methodname="Compare_by_name_ascending_should_return_one_if_the_the_second_name_follows_the_first" classname="OrderProducts.Test.ProductContainer.PropertyComparerClasses.ProductNameComparerTest" runstate="Runnable" seed="1110129665" result="Passed" start-time="2017-07-05 15:37:26Z" end-time="2017-07-05 15:37:26Z" duration="0.002032" asserts="1" />
              <test-case id="0-1046" name="Compare_by_name_descending_should_return_minus_one_if_the_the_first_name_precedes_the_second" fullname="OrderProducts.Test.ProductContainer.PropertyComparerClasses.ProductNameComparerTest.Compare_by_name_descending_should_return_minus_one_if_the_the_first_name_precedes_the_second" methodname="Compare_by_name_descending_should_return_minus_one_if_the_the_first_name_precedes_the_second" classname="OrderProducts.Test.ProductContainer.PropertyComparerClasses.ProductNameComparerTest" runstate="Runnable" seed="1406452302" result="Passed" start-time="2017-07-05 15:37:26Z" end-time="2017-07-05 15:37:26Z" duration="0.002028" asserts="1" />
              <test-case id="0-1045" name="Compare_by_name_descending_should_return_one_if_the_the_first_name_follows_the_second" fullname="OrderProducts.Test.ProductContainer.PropertyComparerClasses.ProductNameComparerTest.Compare_by_name_descending_should_return_one_if_the_the_first_name_follows_the_second" methodname="Compare_by_name_descending_should_return_one_if_the_the_first_name_follows_the_second" classname="OrderProducts.Test.ProductContainer.PropertyComparerClasses.ProductNameComparerTest" runstate="Runnable" seed="817253453" result="Passed" start-time="2017-07-05 15:37:26Z" end-time="2017-07-05 15:37:26Z" duration="0.003344" asserts="1" />
              <test-case id="0-1044" name="Compare_by_name_should_return_zero_if_they_have_same_name" fullname="OrderProducts.Test.ProductContainer.PropertyComparerClasses.ProductNameComparerTest.Compare_by_name_should_return_zero_if_they_have_same_name" methodname="Compare_by_name_should_return_zero_if_they_have_same_name" classname="OrderProducts.Test.ProductContainer.PropertyComparerClasses.ProductNameComparerTest" runstate="Runnable" seed="1702038774" result="Passed" start-time="2017-07-05 15:37:26Z" end-time="2017-07-05 15:37:26Z" duration="0.002757" asserts="1" />
            </test-suite>
            <test-suite type="TestFixture" id="0-1049" name="ProductStockComparerTest" fullname="OrderProducts.Test.ProductContainer.PropertyComparerClasses.ProductStockComparerTest" classname="OrderProducts.Test.ProductContainer.PropertyComparerClasses.ProductStockComparerTest" runstate="Runnable" testcasecount="5" result="Passed" start-time="2017-07-05 15:37:26Z" end-time="2017-07-05 15:37:27Z" duration="0.080063" total="5" passed="5" failed="0" warnings="0" inconclusive="0" skipped="0" asserts="5">
              <test-case id="0-1054" name="Compare_by_stock_ascending_should_return_minus_one_if_the_the_second_stock_precedes_the_first" fullname="OrderProducts.Test.ProductContainer.PropertyComparerClasses.ProductStockComparerTest.Compare_by_stock_ascending_should_return_minus_one_if_the_the_second_stock_precedes_the_first" methodname="Compare_by_stock_ascending_should_return_minus_one_if_the_the_second_stock_precedes_the_first" classname="OrderProducts.Test.ProductContainer.PropertyComparerClasses.ProductStockComparerTest" runstate="Runnable" seed="1607645518" result="Passed" start-time="2017-07-05 15:37:26Z" end-time="2017-07-05 15:37:26Z" duration="0.004462" asserts="1" />
              <test-case id="0-1053" name="Compare_by_stock_ascending_should_return_one_if_the_the_second_stock_follows_the_first" fullname="OrderProducts.Test.ProductContainer.PropertyComparerClasses.ProductStockComparerTest.Compare_by_stock_ascending_should_return_one_if_the_the_second_stock_follows_the_first" methodname="Compare_by_stock_ascending_should_return_one_if_the_the_second_stock_follows_the_first" classname="OrderProducts.Test.ProductContainer.PropertyComparerClasses.ProductStockComparerTest" runstate="Runnable" seed="1477508669" result="Passed" start-time="2017-07-05 15:37:26Z" end-time="2017-07-05 15:37:26Z" duration="0.003260" asserts="1" />
              <test-case id="0-1052" name="Compare_by_stock_descending_should_return_minus_one_if_the_the_first_stock_precedes_the_second" fullname="OrderProducts.Test.ProductContainer.PropertyComparerClasses.ProductStockComparerTest.Compare_by_stock_descending_should_return_minus_one_if_the_the_first_stock_precedes_the_second" methodname="Compare_by_stock_descending_should_return_minus_one_if_the_the_first_stock_precedes_the_second" classname="OrderProducts.Test.ProductContainer.PropertyComparerClasses.ProductStockComparerTest" runstate="Runnable" seed="368796566" result="Passed" start-time="2017-07-05 15:37:26Z" end-time="2017-07-05 15:37:26Z" duration="0.002422" asserts="1" />
              <test-case id="0-1051" name="Compare_by_stock_descending_should_return_one_if_the_the_first_stock_follows_the_second" fullname="OrderProducts.Test.ProductContainer.PropertyComparerClasses.ProductStockComparerTest.Compare_by_stock_descending_should_return_one_if_the_the_first_stock_follows_the_second" methodname="Compare_by_stock_descending_should_return_one_if_the_the_first_stock_follows_the_second" classname="OrderProducts.Test.ProductContainer.PropertyComparerClasses.ProductStockComparerTest" runstate="Runnable" seed="1239097515" result="Passed" start-time="2017-07-05 15:37:26Z" end-time="2017-07-05 15:37:26Z" duration="0.003162" asserts="1" />
              <test-case id="0-1050" name="Compare_by_stock_should_return_zero_if_they_have_same_stock" fullname="OrderProducts.Test.ProductContainer.PropertyComparerClasses.ProductStockComparerTest.Compare_by_stock_should_return_zero_if_they_have_same_stock" methodname="Compare_by_stock_should_return_zero_if_they_have_same_stock" classname="OrderProducts.Test.ProductContainer.PropertyComparerClasses.ProductStockComparerTest" runstate="Runnable" seed="2114174296" result="Passed" start-time="2017-07-05 15:37:27Z" end-time="2017-07-05 15:37:27Z" duration="0.002846" asserts="1" />
            </test-suite>
          </test-suite>
        </test-suite>
        <test-suite type="TestSuite" id="0-1074" name="Shared" fullname="OrderProducts.Test.Shared" runstate="Runnable" testcasecount="9" result="Passed" start-time="2017-07-05 15:37:27Z" end-time="2017-07-05 15:37:27Z" duration="0.208296" total="9" passed="9" failed="0" warnings="0" inconclusive="0" skipped="0" asserts="28">
          <test-suite type="TestFixture" id="0-1055" name="InterpreterTest" fullname="OrderProducts.Test.Shared.InterpreterTest" classname="OrderProducts.Test.Shared.InterpreterTest" runstate="Runnable" testcasecount="5" result="Passed" start-time="2017-07-05 15:37:27Z" end-time="2017-07-05 15:37:27Z" duration="0.104074" total="5" passed="5" failed="0" warnings="0" inconclusive="0" skipped="0" asserts="22">
            <test-case id="0-1059" name="Translate_should_return_four_comparers" fullname="OrderProducts.Test.Shared.InterpreterTest.Translate_should_return_four_comparers" methodname="Translate_should_return_four_comparers" classname="OrderProducts.Test.Shared.InterpreterTest" runstate="Runnable" seed="812628852" result="Passed" start-time="2017-07-05 15:37:27Z" end-time="2017-07-05 15:37:27Z" duration="0.019853" asserts="5" />
            <test-case id="0-1056" name="Translate_should_return_one_comparer" fullname="OrderProducts.Test.Shared.InterpreterTest.Translate_should_return_one_comparer" methodname="Translate_should_return_one_comparer" classname="OrderProducts.Test.Shared.InterpreterTest" runstate="Runnable" seed="616089009" result="Passed" start-time="2017-07-05 15:37:27Z" end-time="2017-07-05 15:37:27Z" duration="0.002582" asserts="2" />
            <test-case id="0-1058" name="Translate_should_return_three_comparers" fullname="OrderProducts.Test.Shared.InterpreterTest.Translate_should_return_three_comparers" methodname="Translate_should_return_three_comparers" classname="OrderProducts.Test.Shared.InterpreterTest" runstate="Runnable" seed="1283808938" result="Passed" start-time="2017-07-05 15:37:27Z" end-time="2017-07-05 15:37:27Z" duration="0.003031" asserts="4" />
            <test-case id="0-1057" name="Translate_should_return_two_comparers" fullname="OrderProducts.Test.Shared.InterpreterTest.Translate_should_return_two_comparers" methodname="Translate_should_return_two_comparers" classname="OrderProducts.Test.Shared.InterpreterTest" runstate="Runnable" seed="1140942194" result="Passed" start-time="2017-07-05 15:37:27Z" end-time="2017-07-05 15:37:27Z" duration="0.003035" asserts="3" />
            <test-case id="0-1060" name="Translate_should_return_two_comparers_and_order_is_important" fullname="OrderProducts.Test.Shared.InterpreterTest.Translate_should_return_two_comparers_and_order_is_important" methodname="Translate_should_return_two_comparers_and_order_is_important" classname="OrderProducts.Test.Shared.InterpreterTest" runstate="Runnable" seed="593363318" result="Passed" start-time="2017-07-05 15:37:27Z" end-time="2017-07-05 15:37:27Z" duration="0.004098" asserts="8" />
          </test-suite>
          <test-suite type="TestFixture" id="0-1061" name="ObjectComparerTest" fullname="OrderProducts.Test.Shared.ObjectComparerTest" classname="OrderProducts.Test.Shared.ObjectComparerTest" runstate="Runnable" testcasecount="4" result="Passed" start-time="2017-07-05 15:37:27Z" end-time="2017-07-05 15:37:27Z" duration="0.072144" total="4" passed="4" failed="0" warnings="0" inconclusive="0" skipped="0" asserts="6">
            <test-case id="0-1063" name="Comparer_product_by_code_and_name_descending_should_return_minus_one" fullname="OrderProducts.Test.Shared.ObjectComparerTest.Comparer_product_by_code_and_name_descending_should_return_minus_one" methodname="Comparer_product_by_code_and_name_descending_should_return_minus_one" classname="OrderProducts.Test.Shared.ObjectComparerTest" runstate="Runnable" seed="1192216542" result="Passed" start-time="2017-07-05 15:37:27Z" end-time="2017-07-05 15:37:27Z" duration="0.010975" asserts="1" />
            <test-case id="0-1064" name="Comparer_product_by_code_and_name_descending_should_return_one" fullname="OrderProducts.Test.Shared.ObjectComparerTest.Comparer_product_by_code_and_name_descending_should_return_one" methodname="Comparer_product_by_code_and_name_descending_should_return_one" classname="OrderProducts.Test.Shared.ObjectComparerTest" runstate="Runnable" seed="276986138" result="Passed" start-time="2017-07-05 15:37:27Z" end-time="2017-07-05 15:37:27Z" duration="0.001733" asserts="1" />
            <test-case id="0-1062" name="Comparer_product_by_code_and_name_descending_should_return_zero" fullname="OrderProducts.Test.Shared.ObjectComparerTest.Comparer_product_by_code_and_name_descending_should_return_zero" methodname="Comparer_product_by_code_and_name_descending_should_return_zero" classname="OrderProducts.Test.Shared.ObjectComparerTest" runstate="Runnable" seed="449767635" result="Passed" start-time="2017-07-05 15:37:27Z" end-time="2017-07-05 15:37:27Z" duration="0.002931" asserts="1" />
            <test-case id="0-1065" name="Sort_by_code_and_name" fullname="OrderProducts.Test.Shared.ObjectComparerTest.Sort_by_code_and_name" methodname="Sort_by_code_and_name" classname="OrderProducts.Test.Shared.ObjectComparerTest" runstate="Runnable" seed="87338758" result="Passed" start-time="2017-07-05 15:37:27Z" end-time="2017-07-05 15:37:27Z" duration="0.002769" asserts="3" />
          </test-suite>
        </test-suite>
      </test-suite>
    </test-suite>
  </test-suite>
</test-run>