<?xml version="1.0" encoding="utf-8" standalone="no"?>
<test-run id="2" testcasecount="5" result="Passed" total="5" passed="5" failed="0" inconclusive="0" skipped="0" asserts="6" engine-version="3.6.0.0" clr-version="4.0.30319.34209" start-time="2017-07-04 14:51:43Z" end-time="2017-07-04 14:51:47Z" duration="4.848765">
  <command-line><![CDATA[nunit3-console  OrderProducts.Test.dll]]></command-line>
  <test-suite type="Assembly" id="0-1009" name="OrderProducts.Test.dll" fullname="C:\Users\sebastian.gerard\Documents\Visual Studio 2013\Projects\OrderProductsOOP\OrderProducts.Test\bin\Debug\OrderProducts.Test.dll" runstate="Runnable" testcasecount="5" result="Passed" start-time="2017-07-04 14:51:47Z" end-time="2017-07-04 14:51:47Z" duration="0.635419" total="5" passed="5" failed="0" warnings="0" inconclusive="0" skipped="0" asserts="6">
    <environment framework-version="3.7.1.0" clr-version="4.0.30319.34209" os-version="Microsoft Windows NT 6.3.9600.0" platform="Win32NT" cwd="C:\Users\sebastian.gerard\Documents\Visual Studio 2013\Projects\OrderProductsOOP\OrderProducts.Test\bin\Debug" machine-name="ASCBOSGERARD" user="sebastian.gerard" user-domain="ASSURESOFT" culture="en-US" uiculture="en-US" os-architecture="x64" />
    <settings>
      <setting name="DisposeRunners" value="True" />
      <setting name="WorkDirectory" value="C:\Users\sebastian.gerard\Documents\Visual Studio 2013\Projects\OrderProductsOOP\OrderProducts.Test\bin\Debug" />
      <setting name="ImageRuntimeVersion" value="4.0.30319" />
      <setting name="ImageTargetFrameworkName" value=".NETFramework,Version=v4.5" />
      <setting name="ImageRequiresX86" value="False" />
      <setting name="ImageRequiresDefaultAppDomainAssemblyResolver" value="False" />
      <setting name="NumberOfTestWorkers" value="4" />
    </settings>
    <properties>
      <property name="_PID" value="10008" />
      <property name="_APPDOMAIN" value="domain-" />
    </properties>
    <test-suite type="TestSuite" id="0-1010" name="OrderProducts" fullname="OrderProducts" runstate="Runnable" testcasecount="5" result="Passed" start-time="2017-07-04 14:51:47Z" end-time="2017-07-04 14:51:47Z" duration="0.464063" total="5" passed="5" failed="0" warnings="0" inconclusive="0" skipped="0" asserts="6">
      <test-suite type="TestSuite" id="0-1011" name="Container" fullname="OrderProducts.Container" runstate="Runnable" testcasecount="4" result="Passed" start-time="2017-07-04 14:51:47Z" end-time="2017-07-04 14:51:47Z" duration="0.304277" total="4" passed="4" failed="0" warnings="0" inconclusive="0" skipped="0" asserts="4">
        <test-suite type="TestSuite" id="0-1012" name="Test" fullname="OrderProducts.Container.Test" runstate="Runnable" testcasecount="4" result="Passed" start-time="2017-07-04 14:51:47Z" end-time="2017-07-04 14:51:47Z" duration="0.288059" total="4" passed="4" failed="0" warnings="0" inconclusive="0" skipped="0" asserts="4">
          <test-suite type="TestSuite" id="0-1013" name="BookContainer" fullname="OrderProducts.Container.Test.BookContainer" runstate="Runnable" testcasecount="4" result="Passed" start-time="2017-07-04 14:51:47Z" end-time="2017-07-04 14:51:47Z" duration="0.272324" total="4" passed="4" failed="0" warnings="0" inconclusive="0" skipped="0" asserts="4">
            <test-suite type="TestSuite" id="0-1014" name="PropertyComparerClasses" fullname="OrderProducts.Container.Test.BookContainer.PropertyComparerClasses" runstate="Runnable" testcasecount="4" result="Passed" start-time="2017-07-04 14:51:47Z" end-time="2017-07-04 14:51:47Z" duration="0.256163" total="4" passed="4" failed="0" warnings="0" inconclusive="0" skipped="0" asserts="4">
              <test-suite type="TestFixture" id="0-1000" name="FactoryBookPropertyComparerTests" fullname="OrderProducts.Container.Test.BookContainer.PropertyComparerClasses.FactoryBookPropertyComparerTests" classname="OrderProducts.Container.Test.BookContainer.PropertyComparerClasses.FactoryBookPropertyComparerTests" runstate="Runnable" testcasecount="4" result="Passed" start-time="2017-07-04 14:51:47Z" end-time="2017-07-04 14:51:47Z" duration="0.246201" total="4" passed="4" failed="0" warnings="0" inconclusive="0" skipped="0" asserts="4">
                <test-suite type="ParameterizedMethod" id="0-1005" name="Create_should_return_a_diferent_class_bassed_on_option_number" fullname="OrderProducts.Container.Test.BookContainer.PropertyComparerClasses.FactoryBookPropertyComparerTests.Create_should_return_a_diferent_class_bassed_on_option_number" classname="OrderProducts.Container.Test.BookContainer.PropertyComparerClasses.FactoryBookPropertyComparerTests" runstate="Runnable" testcasecount="4" result="Passed" start-time="2017-07-04 14:51:47Z" end-time="2017-07-04 14:51:47Z" duration="0.189543" total="4" passed="4" failed="0" warnings="0" inconclusive="0" skipped="0" asserts="4">
                  <test-case id="0-1001" name="Create_should_return_a_diferent_class_bassed_on_option_number(&quot;4&quot;,Container.ObjectNotDefinedPropertyComparer`1[Container.Book])" fullname="OrderProducts.Container.Test.BookContainer.PropertyComparerClasses.FactoryBookPropertyComparerTests.Create_should_return_a_diferent_class_bassed_on_option_number(&quot;4&quot;,Container.ObjectNotDefinedPropertyComparer`1[Container.Book])" methodname="Create_should_return_a_diferent_class_bassed_on_option_number" classname="OrderProducts.Container.Test.BookContainer.PropertyComparerClasses.FactoryBookPropertyComparerTests" runstate="Runnable" seed="1726231844" result="Passed" start-time="2017-07-04 14:51:47Z" end-time="2017-07-04 14:51:47Z" duration="0.097624" asserts="1" />
                  <test-case id="0-1002" name="Create_should_return_a_diferent_class_bassed_on_option_number(&quot;1&quot;,Container.BookNamePropertyComparer)" fullname="OrderProducts.Container.Test.BookContainer.PropertyComparerClasses.FactoryBookPropertyComparerTests.Create_should_return_a_diferent_class_bassed_on_option_number(&quot;1&quot;,Container.BookNamePropertyComparer)" methodname="Create_should_return_a_diferent_class_bassed_on_option_number" classname="OrderProducts.Container.Test.BookContainer.PropertyComparerClasses.FactoryBookPropertyComparerTests" runstate="Runnable" seed="913555252" result="Passed" start-time="2017-07-04 14:51:47Z" end-time="2017-07-04 14:51:47Z" duration="0.000952" asserts="1" />
                  <test-case id="0-1003" name="Create_should_return_a_diferent_class_bassed_on_option_number(&quot;2&quot;,Container.BookAuthorPropertyComparer)" fullname="OrderProducts.Container.Test.BookContainer.PropertyComparerClasses.FactoryBookPropertyComparerTests.Create_should_return_a_diferent_class_bassed_on_option_number(&quot;2&quot;,Container.BookAuthorPropertyComparer)" methodname="Create_should_return_a_diferent_class_bassed_on_option_number" classname="OrderProducts.Container.Test.BookContainer.PropertyComparerClasses.FactoryBookPropertyComparerTests" runstate="Runnable" seed="1917746115" result="Passed" start-time="2017-07-04 14:51:47Z" end-time="2017-07-04 14:51:47Z" duration="0.001247" asserts="1" />
                  <test-case id="0-1004" name="Create_should_return_a_diferent_class_bassed_on_option_number(&quot;3&quot;,Container.BookIsbnPropertyComparer)" fullname="OrderProducts.Container.Test.BookContainer.PropertyComparerClasses.FactoryBookPropertyComparerTests.Create_should_return_a_diferent_class_bassed_on_option_number(&quot;3&quot;,Container.BookIsbnPropertyComparer)" methodname="Create_should_return_a_diferent_class_bassed_on_option_number" classname="OrderProducts.Container.Test.BookContainer.PropertyComparerClasses.FactoryBookPropertyComparerTests" runstate="Runnable" seed="305436667" result="Passed" start-time="2017-07-04 14:51:47Z" end-time="2017-07-04 14:51:47Z" duration="0.001351" asserts="1" />
                </test-suite>
              </test-suite>
            </test-suite>
          </test-suite>
        </test-suite>
      </test-suite>
      <test-suite type="TestSuite" id="0-1015" name="Test" fullname="OrderProducts.Test" runstate="Runnable" testcasecount="1" result="Passed" start-time="2017-07-04 14:51:47Z" end-time="2017-07-04 14:51:47Z" duration="0.128045" total="1" passed="1" failed="0" warnings="0" inconclusive="0" skipped="0" asserts="2">
        <test-suite type="TestSuite" id="0-1016" name="Shared" fullname="OrderProducts.Test.Shared" runstate="Runnable" testcasecount="1" result="Passed" start-time="2017-07-04 14:51:47Z" end-time="2017-07-04 14:51:47Z" duration="0.118353" total="1" passed="1" failed="0" warnings="0" inconclusive="0" skipped="0" asserts="2">
          <test-suite type="TestFixture" id="0-1006" name="InterpreterTest" fullname="OrderProducts.Test.Shared.InterpreterTest" classname="OrderProducts.Test.Shared.InterpreterTest" runstate="Runnable" testcasecount="1" result="Passed" start-time="2017-07-04 14:51:47Z" end-time="2017-07-04 14:51:47Z" duration="0.079953" total="1" passed="1" failed="0" warnings="0" inconclusive="0" skipped="0" asserts="2">
            <test-suite type="ParameterizedMethod" id="0-1008" name="Translate_should_return_a_list_of_object_deciders" fullname="OrderProducts.Test.Shared.InterpreterTest.Translate_should_return_a_list_of_object_deciders" classname="OrderProducts.Test.Shared.InterpreterTest" runstate="Runnable" testcasecount="1" result="Passed" start-time="2017-07-04 14:51:47Z" end-time="2017-07-04 14:51:47Z" duration="0.064113" total="1" passed="1" failed="0" warnings="0" inconclusive="0" skipped="0" asserts="2">
              <test-case id="0-1007" name="Translate_should_return_a_list_of_object_deciders(&quot;1-D&quot;)" fullname="OrderProducts.Test.Shared.InterpreterTest.Translate_should_return_a_list_of_object_deciders(&quot;1-D&quot;)" methodname="Translate_should_return_a_list_of_object_deciders" classname="OrderProducts.Test.Shared.InterpreterTest" runstate="Runnable" seed="1055576255" result="Passed" start-time="2017-07-04 14:51:47Z" end-time="2017-07-04 14:51:47Z" duration="0.052452" asserts="2" />
            </test-suite>
          </test-suite>
        </test-suite>
      </test-suite>
    </test-suite>
  </test-suite>
</test-run>