<?xml version="1.0" encoding="utf-8" standalone="no"?>
<test-run id="2" testcasecount="21" result="Passed" total="21" passed="21" failed="0" inconclusive="0" skipped="0" asserts="23" engine-version="3.6.0.0" clr-version="4.0.30319.34209" start-time="2017-07-04 20:12:36Z" end-time="2017-07-04 20:12:41Z" duration="5.042689">
  <command-line><![CDATA[nunit3-console  OrderProducts.Test.dll]]></command-line>
  <test-suite type="Assembly" id="0-1028" name="OrderProducts.Test.dll" fullname="C:\Users\sebastian.gerard\Documents\Visual Studio 2013\Projects\OrderProductsOOP\OrderProducts.Test\bin\Debug\OrderProducts.Test.dll" runstate="Runnable" testcasecount="21" result="Passed" start-time="2017-07-04 20:12:40Z" end-time="2017-07-04 20:12:41Z" duration="0.953550" total="21" passed="21" failed="0" warnings="0" inconclusive="0" skipped="0" asserts="23">
    <environment framework-version="3.7.1.0" clr-version="4.0.30319.34209" os-version="Microsoft Windows NT 6.3.9600.0" platform="Win32NT" cwd="C:\Users\sebastian.gerard\Documents\Visual Studio 2013\Projects\OrderProductsOOP\OrderProducts.Test\bin\Debug" machine-name="ASCBOSGERARD" user="sebastian.gerard" user-domain="ASSURESOFT" culture="en-US" uiculture="en-US" os-architecture="x64" />
    <settings>
      <setting name="DisposeRunners" value="True" />
      <setting name="WorkDirectory" value="C:\Users\sebastian.gerard\Documents\Visual Studio 2013\Projects\OrderProductsOOP\OrderProducts.Test\bin\Debug" />
      <setting name="ImageRuntimeVersion" value="4.0.30319" />
      <setting name="ImageTargetFrameworkName" value=".NETFramework,Version=v4.5" />
      <setting name="ImageRequiresX86" value="False" />
      <setting name="ImageRequiresDefaultAppDomainAssemblyResolver" value="False" />
      <setting name="NumberOfTestWorkers" value="4" />
    </settings>
    <properties>
      <property name="_PID" value="10760" />
      <property name="_APPDOMAIN" value="domain-" />
    </properties>
    <test-suite type="TestSuite" id="0-1029" name="OrderProducts" fullname="OrderProducts" runstate="Runnable" testcasecount="21" result="Passed" start-time="2017-07-04 20:12:40Z" end-time="2017-07-04 20:12:41Z" duration="0.782207" total="21" passed="21" failed="0" warnings="0" inconclusive="0" skipped="0" asserts="23">
      <test-suite type="TestSuite" id="0-1030" name="Test" fullname="OrderProducts.Test" runstate="Runnable" testcasecount="21" result="Passed" start-time="2017-07-04 20:12:40Z" end-time="2017-07-04 20:12:40Z" duration="0.766202" total="21" passed="21" failed="0" warnings="0" inconclusive="0" skipped="0" asserts="23">
        <test-suite type="TestSuite" id="0-1031" name="BookContainer" fullname="OrderProducts.Test.BookContainer" runstate="Runnable" testcasecount="3" result="Passed" start-time="2017-07-04 20:12:40Z" end-time="2017-07-04 20:12:40Z" duration="0.280186" total="3" passed="3" failed="0" warnings="0" inconclusive="0" skipped="0" asserts="3">
          <test-suite type="TestSuite" id="0-1032" name="PropertyComparerClasses" fullname="OrderProducts.Test.BookContainer.PropertyComparerClasses" runstate="Runnable" testcasecount="3" result="Passed" start-time="2017-07-04 20:12:40Z" end-time="2017-07-04 20:12:40Z" duration="0.264095" total="3" passed="3" failed="0" warnings="0" inconclusive="0" skipped="0" asserts="3">
            <test-suite type="TestFixture" id="0-1000" name="FactoryBooksPropertyComparerTest" fullname="OrderProducts.Test.BookContainer.PropertyComparerClasses.FactoryBooksPropertyComparerTest" classname="OrderProducts.Test.BookContainer.PropertyComparerClasses.FactoryBooksPropertyComparerTest" runstate="Runnable" testcasecount="3" result="Passed" start-time="2017-07-04 20:12:40Z" end-time="2017-07-04 20:12:40Z" duration="0.253034" total="3" passed="3" failed="0" warnings="0" inconclusive="0" skipped="0" asserts="3">
              <test-suite type="ParameterizedMethod" id="0-1004" name="Create_should_return_instance_of_the_correct_class" fullname="OrderProducts.Test.BookContainer.PropertyComparerClasses.FactoryBooksPropertyComparerTest.Create_should_return_instance_of_the_correct_class" classname="OrderProducts.Test.BookContainer.PropertyComparerClasses.FactoryBooksPropertyComparerTest" runstate="Runnable" testcasecount="3" result="Passed" start-time="2017-07-04 20:12:40Z" end-time="2017-07-04 20:12:40Z" duration="0.188698" total="3" passed="3" failed="0" warnings="0" inconclusive="0" skipped="0" asserts="3">
                <test-case id="0-1001" name="Create_should_return_instance_of_the_correct_class(&quot;A&quot;,&quot;3&quot;,Container.BookIsbnPropertyComparer)" fullname="OrderProducts.Test.BookContainer.PropertyComparerClasses.FactoryBooksPropertyComparerTest.Create_should_return_instance_of_the_correct_class(&quot;A&quot;,&quot;3&quot;,Container.BookIsbnPropertyComparer)" methodname="Create_should_return_instance_of_the_correct_class" classname="OrderProducts.Test.BookContainer.PropertyComparerClasses.FactoryBooksPropertyComparerTest" runstate="Runnable" seed="1951187536" result="Passed" start-time="2017-07-04 20:12:40Z" end-time="2017-07-04 20:12:40Z" duration="0.097065" asserts="1" />
                <test-case id="0-1002" name="Create_should_return_instance_of_the_correct_class(&quot;A&quot;,&quot;1&quot;,Container.BookNamePropertyComparer)" fullname="OrderProducts.Test.BookContainer.PropertyComparerClasses.FactoryBooksPropertyComparerTest.Create_should_return_instance_of_the_correct_class(&quot;A&quot;,&quot;1&quot;,Container.BookNamePropertyComparer)" methodname="Create_should_return_instance_of_the_correct_class" classname="OrderProducts.Test.BookContainer.PropertyComparerClasses.FactoryBooksPropertyComparerTest" runstate="Runnable" seed="1453026122" result="Passed" start-time="2017-07-04 20:12:40Z" end-time="2017-07-04 20:12:40Z" duration="0.001329" asserts="1" />
                <test-case id="0-1003" name="Create_should_return_instance_of_the_correct_class(&quot;A&quot;,&quot;2&quot;,Container.BookAuthorPropertyComparer)" fullname="OrderProducts.Test.BookContainer.PropertyComparerClasses.FactoryBooksPropertyComparerTest.Create_should_return_instance_of_the_correct_class(&quot;A&quot;,&quot;2&quot;,Container.BookAuthorPropertyComparer)" methodname="Create_should_return_instance_of_the_correct_class" classname="OrderProducts.Test.BookContainer.PropertyComparerClasses.FactoryBooksPropertyComparerTest" runstate="Runnable" seed="275194600" result="Passed" start-time="2017-07-04 20:12:40Z" end-time="2017-07-04 20:12:40Z" duration="0.001257" asserts="1" />
              </test-suite>
            </test-suite>
          </test-suite>
        </test-suite>
        <test-suite type="TestSuite" id="0-1033" name="ProductContainer" fullname="OrderProducts.Test.ProductContainer" runstate="Runnable" testcasecount="14" result="Passed" start-time="2017-07-04 20:12:40Z" end-time="2017-07-04 20:12:40Z" duration="0.326197" total="14" passed="14" failed="0" warnings="0" inconclusive="0" skipped="0" asserts="14">
          <test-suite type="TestSuite" id="0-1034" name="PropertyComparerClasses" fullname="OrderProducts.Test.ProductContainer.PropertyComparerClasses" runstate="Runnable" testcasecount="14" result="Passed" start-time="2017-07-04 20:12:40Z" end-time="2017-07-04 20:12:40Z" duration="0.310161" total="14" passed="14" failed="0" warnings="0" inconclusive="0" skipped="0" asserts="14">
            <test-suite type="TestFixture" id="0-1005" name="FactoryProductPropertyComparerTest" fullname="OrderProducts.Test.ProductContainer.PropertyComparerClasses.FactoryProductPropertyComparerTest" classname="OrderProducts.Test.ProductContainer.PropertyComparerClasses.FactoryProductPropertyComparerTest" runstate="Runnable" testcasecount="4" result="Passed" start-time="2017-07-04 20:12:40Z" end-time="2017-07-04 20:12:40Z" duration="0.080193" total="4" passed="4" failed="0" warnings="0" inconclusive="0" skipped="0" asserts="4">
              <test-suite type="ParameterizedMethod" id="0-1010" name="Create_should_return_instance_of_the_correct_class" fullname="OrderProducts.Test.ProductContainer.PropertyComparerClasses.FactoryProductPropertyComparerTest.Create_should_return_instance_of_the_correct_class" classname="OrderProducts.Test.ProductContainer.PropertyComparerClasses.FactoryProductPropertyComparerTest" runstate="Runnable" testcasecount="4" result="Passed" start-time="2017-07-04 20:12:40Z" end-time="2017-07-04 20:12:40Z" duration="0.064028" total="4" passed="4" failed="0" warnings="0" inconclusive="0" skipped="0" asserts="4">
                <test-case id="0-1006" name="Create_should_return_instance_of_the_correct_class(&quot;A&quot;,&quot;1&quot;,Container.ProductCodeComparer)" fullname="OrderProducts.Test.ProductContainer.PropertyComparerClasses.FactoryProductPropertyComparerTest.Create_should_return_instance_of_the_correct_class(&quot;A&quot;,&quot;1&quot;,Container.ProductCodeComparer)" methodname="Create_should_return_instance_of_the_correct_class" classname="OrderProducts.Test.ProductContainer.PropertyComparerClasses.FactoryProductPropertyComparerTest" runstate="Runnable" seed="1384898838" result="Passed" start-time="2017-07-04 20:12:40Z" end-time="2017-07-04 20:12:40Z" duration="0.004293" asserts="1" />
                <test-case id="0-1007" name="Create_should_return_instance_of_the_correct_class(&quot;A&quot;,&quot;2&quot;,Container.ProductNameComparer)" fullname="OrderProducts.Test.ProductContainer.PropertyComparerClasses.FactoryProductPropertyComparerTest.Create_should_return_instance_of_the_correct_class(&quot;A&quot;,&quot;2&quot;,Container.ProductNameComparer)" methodname="Create_should_return_instance_of_the_correct_class" classname="OrderProducts.Test.ProductContainer.PropertyComparerClasses.FactoryProductPropertyComparerTest" runstate="Runnable" seed="1296793199" result="Passed" start-time="2017-07-04 20:12:40Z" end-time="2017-07-04 20:12:40Z" duration="0.001386" asserts="1" />
                <test-case id="0-1008" name="Create_should_return_instance_of_the_correct_class(&quot;A&quot;,&quot;3&quot;,Container.ProductStockComparer)" fullname="OrderProducts.Test.ProductContainer.PropertyComparerClasses.FactoryProductPropertyComparerTest.Create_should_return_instance_of_the_correct_class(&quot;A&quot;,&quot;3&quot;,Container.ProductStockComparer)" methodname="Create_should_return_instance_of_the_correct_class" classname="OrderProducts.Test.ProductContainer.PropertyComparerClasses.FactoryProductPropertyComparerTest" runstate="Runnable" seed="1228358973" result="Passed" start-time="2017-07-04 20:12:40Z" end-time="2017-07-04 20:12:40Z" duration="0.001666" asserts="1" />
                <test-case id="0-1009" name="Create_should_return_instance_of_the_correct_class(&quot;A&quot;,&quot;4&quot;,Container.ProductExpirationDateComparer)" fullname="OrderProducts.Test.ProductContainer.PropertyComparerClasses.FactoryProductPropertyComparerTest.Create_should_return_instance_of_the_correct_class(&quot;A&quot;,&quot;4&quot;,Container.ProductExpirationDateComparer)" methodname="Create_should_return_instance_of_the_correct_class" classname="OrderProducts.Test.ProductContainer.PropertyComparerClasses.FactoryProductPropertyComparerTest" runstate="Runnable" seed="32415111" result="Passed" start-time="2017-07-04 20:12:40Z" end-time="2017-07-04 20:12:40Z" duration="0.001312" asserts="1" />
              </test-suite>
            </test-suite>
            <test-suite type="TestFixture" id="0-1011" name="ProductCodeComparerTest" fullname="OrderProducts.Test.ProductContainer.PropertyComparerClasses.ProductCodeComparerTest" classname="OrderProducts.Test.ProductContainer.PropertyComparerClasses.ProductCodeComparerTest" runstate="Runnable" testcasecount="5" result="Passed" start-time="2017-07-04 20:12:40Z" end-time="2017-07-04 20:12:40Z" duration="0.102253" total="5" passed="5" failed="0" warnings="0" inconclusive="0" skipped="0" asserts="5">
              <test-case id="0-1016" name="Compare_by_code_ascending_should_return_minus_one_if_the_the_second_code_precedes_the_first" fullname="OrderProducts.Test.ProductContainer.PropertyComparerClasses.ProductCodeComparerTest.Compare_by_code_ascending_should_return_minus_one_if_the_the_second_code_precedes_the_first" methodname="Compare_by_code_ascending_should_return_minus_one_if_the_the_second_code_precedes_the_first" classname="OrderProducts.Test.ProductContainer.PropertyComparerClasses.ProductCodeComparerTest" runstate="Runnable" seed="512199605" result="Passed" start-time="2017-07-04 20:12:40Z" end-time="2017-07-04 20:12:40Z" duration="0.023601" asserts="1" />
              <test-case id="0-1015" name="Compare_by_code_ascending_should_return_one_if_the_the_second_code_follows_the_first" fullname="OrderProducts.Test.ProductContainer.PropertyComparerClasses.ProductCodeComparerTest.Compare_by_code_ascending_should_return_one_if_the_the_second_code_follows_the_first" methodname="Compare_by_code_ascending_should_return_one_if_the_the_second_code_follows_the_first" classname="OrderProducts.Test.ProductContainer.PropertyComparerClasses.ProductCodeComparerTest" runstate="Runnable" seed="1151934857" result="Passed" start-time="2017-07-04 20:12:40Z" end-time="2017-07-04 20:12:40Z" duration="0.002657" asserts="1" />
              <test-case id="0-1014" name="Compare_by_code_descending_should_return_minus_one_if_the_the_first_code_precedes_the_second" fullname="OrderProducts.Test.ProductContainer.PropertyComparerClasses.ProductCodeComparerTest.Compare_by_code_descending_should_return_minus_one_if_the_the_first_code_precedes_the_second" methodname="Compare_by_code_descending_should_return_minus_one_if_the_the_first_code_precedes_the_second" classname="OrderProducts.Test.ProductContainer.PropertyComparerClasses.ProductCodeComparerTest" runstate="Runnable" seed="1670855914" result="Passed" start-time="2017-07-04 20:12:40Z" end-time="2017-07-04 20:12:40Z" duration="0.002064" asserts="1" />
              <test-case id="0-1013" name="Compare_by_code_descending_should_return_one_if_the_the_first_code_follows_the_second" fullname="OrderProducts.Test.ProductContainer.PropertyComparerClasses.ProductCodeComparerTest.Compare_by_code_descending_should_return_one_if_the_the_first_code_follows_the_second" methodname="Compare_by_code_descending_should_return_one_if_the_the_first_code_follows_the_second" classname="OrderProducts.Test.ProductContainer.PropertyComparerClasses.ProductCodeComparerTest" runstate="Runnable" seed="2095211242" result="Passed" start-time="2017-07-04 20:12:40Z" end-time="2017-07-04 20:12:40Z" duration="0.001929" asserts="1" />
              <test-case id="0-1012" name="Compare_by_code_should_return_zero_if_they_have_same_code" fullname="OrderProducts.Test.ProductContainer.PropertyComparerClasses.ProductCodeComparerTest.Compare_by_code_should_return_zero_if_they_have_same_code" methodname="Compare_by_code_should_return_zero_if_they_have_same_code" classname="OrderProducts.Test.ProductContainer.PropertyComparerClasses.ProductCodeComparerTest" runstate="Runnable" seed="458783117" result="Passed" start-time="2017-07-04 20:12:40Z" end-time="2017-07-04 20:12:40Z" duration="0.002529" asserts="1" />
            </test-suite>
            <test-suite type="TestFixture" id="0-1017" name="ProductNameComparerTest" fullname="OrderProducts.Test.ProductContainer.PropertyComparerClasses.ProductNameComparerTest" classname="OrderProducts.Test.ProductContainer.PropertyComparerClasses.ProductNameComparerTest" runstate="Runnable" testcasecount="5" result="Passed" start-time="2017-07-04 20:12:40Z" end-time="2017-07-04 20:12:40Z" duration="0.080136" total="5" passed="5" failed="0" warnings="0" inconclusive="0" skipped="0" asserts="5">
              <test-case id="0-1022" name="Compare_by_name_ascending_should_return_minus_one_if_the_the_second_name_precedes_the_first" fullname="OrderProducts.Test.ProductContainer.PropertyComparerClasses.ProductNameComparerTest.Compare_by_name_ascending_should_return_minus_one_if_the_the_second_name_precedes_the_first" methodname="Compare_by_name_ascending_should_return_minus_one_if_the_the_second_name_precedes_the_first" classname="OrderProducts.Test.ProductContainer.PropertyComparerClasses.ProductNameComparerTest" runstate="Runnable" seed="1291452047" result="Passed" start-time="2017-07-04 20:12:40Z" end-time="2017-07-04 20:12:40Z" duration="0.003584" asserts="1" />
              <test-case id="0-1021" name="Compare_by_name_ascending_should_return_one_if_the_the_second_name_follows_the_first" fullname="OrderProducts.Test.ProductContainer.PropertyComparerClasses.ProductNameComparerTest.Compare_by_name_ascending_should_return_one_if_the_the_second_name_follows_the_first" methodname="Compare_by_name_ascending_should_return_one_if_the_the_second_name_follows_the_first" classname="OrderProducts.Test.ProductContainer.PropertyComparerClasses.ProductNameComparerTest" runstate="Runnable" seed="1602500792" result="Passed" start-time="2017-07-04 20:12:40Z" end-time="2017-07-04 20:12:40Z" duration="0.002205" asserts="1" />
              <test-case id="0-1020" name="Compare_by_name_descending_should_return_minus_one_if_the_the_first_name_precedes_the_second" fullname="OrderProducts.Test.ProductContainer.PropertyComparerClasses.ProductNameComparerTest.Compare_by_name_descending_should_return_minus_one_if_the_the_first_name_precedes_the_second" methodname="Compare_by_name_descending_should_return_minus_one_if_the_the_first_name_precedes_the_second" classname="OrderProducts.Test.ProductContainer.PropertyComparerClasses.ProductNameComparerTest" runstate="Runnable" seed="1437176920" result="Passed" start-time="2017-07-04 20:12:40Z" end-time="2017-07-04 20:12:40Z" duration="0.001950" asserts="1" />
              <test-case id="0-1019" name="Compare_by_name_descending_should_return_one_if_the_the_first_name_follows_the_second" fullname="OrderProducts.Test.ProductContainer.PropertyComparerClasses.ProductNameComparerTest.Compare_by_name_descending_should_return_one_if_the_the_first_name_follows_the_second" methodname="Compare_by_name_descending_should_return_one_if_the_the_first_name_follows_the_second" classname="OrderProducts.Test.ProductContainer.PropertyComparerClasses.ProductNameComparerTest" runstate="Runnable" seed="1366047043" result="Passed" start-time="2017-07-04 20:12:40Z" end-time="2017-07-04 20:12:40Z" duration="0.001910" asserts="1" />
              <test-case id="0-1018" name="Compare_by_name_should_return_zero_if_they_have_same_name" fullname="OrderProducts.Test.ProductContainer.PropertyComparerClasses.ProductNameComparerTest.Compare_by_name_should_return_zero_if_they_have_same_name" methodname="Compare_by_name_should_return_zero_if_they_have_same_name" classname="OrderProducts.Test.ProductContainer.PropertyComparerClasses.ProductNameComparerTest" runstate="Runnable" seed="1370564293" result="Passed" start-time="2017-07-04 20:12:40Z" end-time="2017-07-04 20:12:40Z" duration="0.001865" asserts="1" />
            </test-suite>
          </test-suite>
        </test-suite>
        <test-suite type="TestSuite" id="0-1035" name="Shared" fullname="OrderProducts.Test.Shared" runstate="Runnable" testcasecount="4" result="Passed" start-time="2017-07-04 20:12:40Z" end-time="2017-07-04 20:12:40Z" duration="0.112357" total="4" passed="4" failed="0" warnings="0" inconclusive="0" skipped="0" asserts="6">
          <test-suite type="TestFixture" id="0-1023" name="ObjectComparerTest" fullname="OrderProducts.Test.Shared.ObjectComparerTest" classname="OrderProducts.Test.Shared.ObjectComparerTest" runstate="Runnable" testcasecount="4" result="Passed" start-time="2017-07-04 20:12:40Z" end-time="2017-07-04 20:12:40Z" duration="0.096041" total="4" passed="4" failed="0" warnings="0" inconclusive="0" skipped="0" asserts="6">
            <test-case id="0-1025" name="Comparer_product_by_code_and_name_descending_should_return_minus_one" fullname="OrderProducts.Test.Shared.ObjectComparerTest.Comparer_product_by_code_and_name_descending_should_return_minus_one" methodname="Comparer_product_by_code_and_name_descending_should_return_minus_one" classname="OrderProducts.Test.Shared.ObjectComparerTest" runstate="Runnable" seed="1704453888" result="Passed" start-time="2017-07-04 20:12:40Z" end-time="2017-07-04 20:12:40Z" duration="0.036407" asserts="1" />
            <test-case id="0-1026" name="Comparer_product_by_code_and_name_descending_should_return_one" fullname="OrderProducts.Test.Shared.ObjectComparerTest.Comparer_product_by_code_and_name_descending_should_return_one" methodname="Comparer_product_by_code_and_name_descending_should_return_one" classname="OrderProducts.Test.Shared.ObjectComparerTest" runstate="Runnable" seed="1079811052" result="Passed" start-time="2017-07-04 20:12:40Z" end-time="2017-07-04 20:12:40Z" duration="0.001683" asserts="1" />
            <test-case id="0-1024" name="Comparer_product_by_code_and_name_descending_should_return_zero" fullname="OrderProducts.Test.Shared.ObjectComparerTest.Comparer_product_by_code_and_name_descending_should_return_zero" methodname="Comparer_product_by_code_and_name_descending_should_return_zero" classname="OrderProducts.Test.Shared.ObjectComparerTest" runstate="Runnable" seed="1224074991" result="Passed" start-time="2017-07-04 20:12:40Z" end-time="2017-07-04 20:12:40Z" duration="0.001839" asserts="1" />
            <test-case id="0-1027" name="Sort_by_code_and_name" fullname="OrderProducts.Test.Shared.ObjectComparerTest.Sort_by_code_and_name" methodname="Sort_by_code_and_name" classname="OrderProducts.Test.Shared.ObjectComparerTest" runstate="Runnable" seed="1193198578" result="Passed" start-time="2017-07-04 20:12:40Z" end-time="2017-07-04 20:12:40Z" duration="0.002753" asserts="3" />
          </test-suite>
        </test-suite>
      </test-suite>
    </test-suite>
  </test-suite>
</test-run>